{"/Users/apple/Documents/Project/pis/services/worker/src/package-creator.ts": {"path":"/Users/apple/Documents/Project/pis/services/worker/src/package-creator.ts","statementMap":{"0":{"start":{"line":33,"column":77},"end":{"line":33,"column":null}},"1":{"start":{"line":36,"column":4},"end":{"line":38,"column":null}},"2":{"start":{"line":37,"column":6},"end":{"line":37,"column":null}},"3":{"start":{"line":40,"column":4},"end":{"line":42,"column":null}},"4":{"start":{"line":41,"column":6},"end":{"line":41,"column":null}},"5":{"start":{"line":44,"column":4},"end":{"line":144,"column":null}},"6":{"start":{"line":45,"column":12},"end":{"line":47,"column":null}},"7":{"start":{"line":49,"column":31},"end":{"line":49,"column":null}},"8":{"start":{"line":51,"column":6},"end":{"line":53,"column":null}},"9":{"start":{"line":52,"column":8},"end":{"line":52,"column":null}},"10":{"start":{"line":55,"column":6},"end":{"line":57,"column":null}},"11":{"start":{"line":56,"column":8},"end":{"line":56,"column":null}},"12":{"start":{"line":59,"column":6},"end":{"line":61,"column":null}},"13":{"start":{"line":60,"column":8},"end":{"line":60,"column":null}},"14":{"start":{"line":64,"column":6},"end":{"line":143,"column":null}},"15":{"start":{"line":65,"column":8},"end":{"line":142,"column":null}},"16":{"start":{"line":66,"column":29},"end":{"line":66,"column":null}},"17":{"start":{"line":67,"column":31},"end":{"line":67,"column":null}},"18":{"start":{"line":68,"column":28},"end":{"line":68,"column":null}},"19":{"start":{"line":70,"column":10},"end":{"line":131,"column":null}},"20":{"start":{"line":70,"column":23},"end":{"line":70,"column":26}},"21":{"start":{"line":71,"column":26},"end":{"line":71,"column":null}},"22":{"start":{"line":74,"column":12},"end":{"line":125,"column":null}},"23":{"start":{"line":76,"column":16},"end":{"line":123,"column":null}},"24":{"start":{"line":78,"column":41},"end":{"line":78,"column":null}},"25":{"start":{"line":80,"column":18},"end":{"line":85,"column":null}},"26":{"start":{"line":82,"column":20},"end":{"line":84,"column":null}},"27":{"start":{"line":87,"column":18},"end":{"line":116,"column":null}},"28":{"start":{"line":90,"column":20},"end":{"line":110,"column":null}},"29":{"start":{"line":92,"column":22},"end":{"line":106,"column":null}},"30":{"start":{"line":93,"column":24},"end":{"line":100,"column":null}},"31":{"start":{"line":94,"column":26},"end":{"line":94,"column":null}},"32":{"start":{"line":97,"column":44},"end":{"line":97,"column":null}},"33":{"start":{"line":98,"column":41},"end":{"line":98,"column":null}},"34":{"start":{"line":99,"column":26},"end":{"line":99,"column":null}},"35":{"start":{"line":103,"column":42},"end":{"line":103,"column":null}},"36":{"start":{"line":104,"column":39},"end":{"line":104,"column":null}},"37":{"start":{"line":105,"column":24},"end":{"line":105,"column":null}},"38":{"start":{"line":109,"column":22},"end":{"line":109,"column":null}},"39":{"start":{"line":113,"column":20},"end":{"line":115,"column":null}},"40":{"start":{"line":118,"column":18},"end":{"line":118,"column":null}},"41":{"start":{"line":120,"column":18},"end":{"line":120,"column":null}},"42":{"start":{"line":121,"column":18},"end":{"line":121,"column":null}},"43":{"start":{"line":128,"column":12},"end":{"line":130,"column":null}},"44":{"start":{"line":129,"column":14},"end":{"line":129,"column":null}},"45":{"start":{"line":129,"column":43},"end":{"line":129,"column":67}},"46":{"start":{"line":133,"column":10},"end":{"line":135,"column":null}},"47":{"start":{"line":134,"column":12},"end":{"line":134,"column":null}},"48":{"start":{"line":138,"column":10},"end":{"line":138,"column":null}},"49":{"start":{"line":140,"column":10},"end":{"line":140,"column":null}},"50":{"start":{"line":141,"column":10},"end":{"line":141,"column":null}}},"fnMap":{"0":{"name":"(anonymous_0)","decl":{"start":{"line":32,"column":15},"end":{"line":32,"column":29}},"loc":{"start":{"line":32,"column":71},"end":{"line":145,"column":null}},"line":32},"1":{"name":"(anonymous_1)","decl":{"start":{"line":44,"column":23},"end":{"line":44,"column":24}},"loc":{"start":{"line":44,"column":44},"end":{"line":144,"column":5}},"line":44},"2":{"name":"(anonymous_2)","decl":{"start":{"line":51,"column":25},"end":{"line":51,"column":26}},"loc":{"start":{"line":51,"column":44},"end":{"line":53,"column":7}},"line":51},"3":{"name":"(anonymous_3)","decl":{"start":{"line":55,"column":24},"end":{"line":55,"column":30}},"loc":{"start":{"line":55,"column":30},"end":{"line":57,"column":7}},"line":55},"4":{"name":"(anonymous_4)","decl":{"start":{"line":59,"column":26},"end":{"line":59,"column":27}},"loc":{"start":{"line":59,"column":35},"end":{"line":61,"column":7}},"line":59},"5":{"name":"(anonymous_5)","decl":{"start":{"line":64,"column":7},"end":{"line":64,"column":19}},"loc":{"start":{"line":64,"column":19},"end":{"line":143,"column":9}},"line":64},"6":{"name":"(anonymous_6)","decl":{"start":{"line":75,"column":24},"end":{"line":75,"column":31}},"loc":{"start":{"line":75,"column":41},"end":{"line":124,"column":15}},"line":75},"7":{"name":"(anonymous_7)","decl":{"start":{"line":129,"column":32},"end":{"line":129,"column":43}},"loc":{"start":{"line":129,"column":43},"end":{"line":129,"column":67}},"line":129}},"branchMap":{"0":{"loc":{"start":{"line":36,"column":4},"end":{"line":38,"column":null}},"type":"if","locations":[{"start":{"line":36,"column":4},"end":{"line":38,"column":null}},{"start":{},"end":{}}],"line":36},"1":{"loc":{"start":{"line":36,"column":8},"end":{"line":36,"column":40}},"type":"binary-expr","locations":[{"start":{"line":36,"column":8},"end":{"line":36,"column":19}},{"start":{"line":36,"column":19},"end":{"line":36,"column":40}}],"line":36},"2":{"loc":{"start":{"line":40,"column":4},"end":{"line":42,"column":null}},"type":"if","locations":[{"start":{"line":40,"column":4},"end":{"line":42,"column":null}},{"start":{},"end":{}}],"line":40},"3":{"loc":{"start":{"line":40,"column":8},"end":{"line":40,"column":49}},"type":"binary-expr","locations":[{"start":{"line":40,"column":8},"end":{"line":40,"column":31}},{"start":{"line":40,"column":31},"end":{"line":40,"column":49}}],"line":40},"4":{"loc":{"start":{"line":80,"column":18},"end":{"line":85,"column":null}},"type":"if","locations":[{"start":{"line":80,"column":18},"end":{"line":85,"column":null}},{"start":{},"end":{}}],"line":80},"5":{"loc":{"start":{"line":87,"column":18},"end":{"line":116,"column":null}},"type":"if","locations":[{"start":{"line":87,"column":18},"end":{"line":116,"column":null}},{"start":{},"end":{}}],"line":87},"6":{"loc":{"start":{"line":90,"column":20},"end":{"line":110,"column":null}},"type":"if","locations":[{"start":{"line":90,"column":20},"end":{"line":110,"column":null}},{"start":{"line":107,"column":27},"end":{"line":110,"column":null}}],"line":90},"7":{"loc":{"start":{"line":92,"column":22},"end":{"line":106,"column":null}},"type":"if","locations":[{"start":{"line":92,"column":22},"end":{"line":106,"column":null}},{"start":{"line":101,"column":29},"end":{"line":106,"column":null}}],"line":92},"8":{"loc":{"start":{"line":121,"column":89},"end":{"line":121,"column":129}},"type":"cond-expr","locations":[{"start":{"line":121,"column":112},"end":{"line":121,"column":126}},{"start":{"line":121,"column":126},"end":{"line":121,"column":129}}],"line":121},"9":{"loc":{"start":{"line":128,"column":12},"end":{"line":130,"column":null}},"type":"if","locations":[{"start":{"line":128,"column":12},"end":{"line":130,"column":null}},{"start":{},"end":{}}],"line":128},"10":{"loc":{"start":{"line":133,"column":10},"end":{"line":135,"column":null}},"type":"if","locations":[{"start":{"line":133,"column":10},"end":{"line":135,"column":null}},{"start":{},"end":{}}],"line":133}},"s":{"0":5,"1":5,"2":1,"3":4,"4":1,"5":3,"6":3,"7":3,"8":3,"9":0,"10":3,"11":3,"12":3,"13":0,"14":3,"15":3,"16":3,"17":3,"18":3,"19":3,"20":3,"21":3,"22":3,"23":4,"24":4,"25":4,"26":2,"27":4,"28":2,"29":2,"30":2,"31":2,"32":0,"33":0,"34":0,"35":0,"36":0,"37":0,"38":0,"39":2,"40":4,"41":0,"42":0,"43":3,"44":0,"45":0,"46":3,"47":0,"48":3,"49":0,"50":0},"f":{"0":1,"1":3,"2":0,"3":3,"4":0,"5":3,"6":4,"7":0},"b":{"0":[1,4],"1":[5,5],"2":[1,3],"3":[4,2],"4":[2,2],"5":[2,2],"6":[2,0],"7":[2,0],"8":[0,0],"9":[0,3],"10":[0,3]},"meta":{"lastBranch":11,"lastFunction":8,"lastStatement":51,"seen":{"f:32:15:32:29":0,"s:33:77:33:Infinity":0,"b:36:4:38:Infinity:undefined:undefined:undefined:undefined":0,"s:36:4:38:Infinity":1,"b:36:8:36:19:36:19:36:40":1,"s:37:6:37:Infinity":2,"b:40:4:42:Infinity:undefined:undefined:undefined:undefined":2,"s:40:4:42:Infinity":3,"b:40:8:40:31:40:31:40:49":3,"s:41:6:41:Infinity":4,"s:44:4:144:Infinity":5,"f:44:23:44:24":1,"s:45:12:47:Infinity":6,"s:49:31:49:Infinity":7,"s:51:6:53:Infinity":8,"f:51:25:51:26":2,"s:52:8:52:Infinity":9,"s:55:6:57:Infinity":10,"f:55:24:55:30":3,"s:56:8:56:Infinity":11,"s:59:6:61:Infinity":12,"f:59:26:59:27":4,"s:60:8:60:Infinity":13,"s:64:6:143:Infinity":14,"f:64:7:64:19":5,"s:65:8:142:Infinity":15,"s:66:29:66:Infinity":16,"s:67:31:67:Infinity":17,"s:68:28:68:Infinity":18,"s:70:10:131:Infinity":19,"s:70:23:70:26":20,"s:71:26:71:Infinity":21,"s:74:12:125:Infinity":22,"f:75:24:75:31":6,"s:76:16:123:Infinity":23,"s:78:41:78:Infinity":24,"b:80:18:85:Infinity:undefined:undefined:undefined:undefined":4,"s:80:18:85:Infinity":25,"s:82:20:84:Infinity":26,"b:87:18:116:Infinity:undefined:undefined:undefined:undefined":5,"s:87:18:116:Infinity":27,"b:90:20:110:Infinity:107:27:110:Infinity":6,"s:90:20:110:Infinity":28,"b:92:22:106:Infinity:101:29:106:Infinity":7,"s:92:22:106:Infinity":29,"s:93:24:100:Infinity":30,"s:94:26:94:Infinity":31,"s:97:44:97:Infinity":32,"s:98:41:98:Infinity":33,"s:99:26:99:Infinity":34,"s:103:42:103:Infinity":35,"s:104:39:104:Infinity":36,"s:105:24:105:Infinity":37,"s:109:22:109:Infinity":38,"s:113:20:115:Infinity":39,"s:118:18:118:Infinity":40,"s:120:18:120:Infinity":41,"s:121:18:121:Infinity":42,"b:121:112:121:126:121:126:121:129":8,"b:128:12:130:Infinity:undefined:undefined:undefined:undefined":9,"s:128:12:130:Infinity":43,"s:129:14:129:Infinity":44,"f:129:32:129:43":7,"s:129:43:129:67":45,"b:133:10:135:Infinity:undefined:undefined:undefined:undefined":10,"s:133:10:135:Infinity":46,"s:134:12:134:Infinity":47,"s:138:10:138:Infinity":48,"s:140:10:140:Infinity":49,"s:141:10:141:Infinity":50}}}
,"/Users/apple/Documents/Project/pis/services/worker/src/processor.ts": {"path":"/Users/apple/Documents/Project/pis/services/worker/src/processor.ts","statementMap":{"0":{"start":{"line":111,"column":4},"end":{"line":111,"column":null}},"1":{"start":{"line":128,"column":4},"end":{"line":175,"column":null}},"2":{"start":{"line":129,"column":21},"end":{"line":129,"column":null}},"3":{"start":{"line":130,"column":31},"end":{"line":130,"column":null}},"4":{"start":{"line":133,"column":23},"end":{"line":133,"column":null}},"5":{"start":{"line":134,"column":27},"end":{"line":137,"column":null}},"6":{"start":{"line":140,"column":6},"end":{"line":142,"column":null}},"7":{"start":{"line":141,"column":8},"end":{"line":141,"column":null}},"8":{"start":{"line":145,"column":23},"end":{"line":145,"column":null}},"9":{"start":{"line":146,"column":26},"end":{"line":146,"column":null}},"10":{"start":{"line":148,"column":8},"end":{"line":153,"column":null}},"11":{"start":{"line":155,"column":6},"end":{"line":158,"column":null}},"12":{"start":{"line":156,"column":8},"end":{"line":156,"column":null}},"13":{"start":{"line":157,"column":8},"end":{"line":157,"column":null}},"14":{"start":{"line":161,"column":6},"end":{"line":170,"column":null}},"15":{"start":{"line":162,"column":26},"end":{"line":165,"column":null}},"16":{"start":{"line":163,"column":34},"end":{"line":163,"column":null}},"17":{"start":{"line":164,"column":10},"end":{"line":164,"column":null}},"18":{"start":{"line":166,"column":8},"end":{"line":169,"column":null}},"19":{"start":{"line":167,"column":10},"end":{"line":167,"column":null}},"20":{"start":{"line":168,"column":10},"end":{"line":168,"column":null}},"21":{"start":{"line":172,"column":6},"end":{"line":172,"column":null}},"22":{"start":{"line":174,"column":6},"end":{"line":174,"column":null}},"23":{"start":{"line":222,"column":4},"end":{"line":224,"column":null}},"24":{"start":{"line":223,"column":6},"end":{"line":223,"column":null}},"25":{"start":{"line":227,"column":10},"end":{"line":227,"column":null}},"26":{"start":{"line":228,"column":4},"end":{"line":231,"column":null}},"27":{"start":{"line":229,"column":6},"end":{"line":229,"column":null}},"28":{"start":{"line":230,"column":6},"end":{"line":230,"column":null}},"29":{"start":{"line":233,"column":19},"end":{"line":233,"column":null}},"30":{"start":{"line":234,"column":25},"end":{"line":234,"column":null}},"31":{"start":{"line":240,"column":4},"end":{"line":272,"column":null}},"32":{"start":{"line":248,"column":10},"end":{"line":248,"column":null}},"33":{"start":{"line":251,"column":6},"end":{"line":253,"column":null}},"34":{"start":{"line":252,"column":8},"end":{"line":252,"column":null}},"35":{"start":{"line":254,"column":6},"end":{"line":256,"column":null}},"36":{"start":{"line":255,"column":8},"end":{"line":255,"column":null}},"37":{"start":{"line":257,"column":6},"end":{"line":259,"column":null}},"38":{"start":{"line":258,"column":8},"end":{"line":258,"column":null}},"39":{"start":{"line":263,"column":30},"end":{"line":263,"column":null}},"40":{"start":{"line":264,"column":30},"end":{"line":264,"column":null}},"41":{"start":{"line":265,"column":23},"end":{"line":265,"column":null}},"42":{"start":{"line":267,"column":6},"end":{"line":271,"column":null}},"43":{"start":{"line":282,"column":4},"end":{"line":286,"column":null}},"44":{"start":{"line":283,"column":21},"end":{"line":283,"column":null}},"45":{"start":{"line":284,"column":21},"end":{"line":284,"column":null}},"46":{"start":{"line":285,"column":6},"end":{"line":285,"column":null}},"47":{"start":{"line":290,"column":4},"end":{"line":292,"column":null}},"48":{"start":{"line":291,"column":6},"end":{"line":291,"column":null}},"49":{"start":{"line":297,"column":4},"end":{"line":299,"column":null}},"50":{"start":{"line":298,"column":6},"end":{"line":298,"column":null}},"51":{"start":{"line":301,"column":4},"end":{"line":301,"column":null}},"52":{"start":{"line":339,"column":29},"end":{"line":339,"column":null}},"53":{"start":{"line":342,"column":24},"end":{"line":342,"column":null}},"54":{"start":{"line":343,"column":4},"end":{"line":351,"column":null}},"55":{"start":{"line":344,"column":6},"end":{"line":350,"column":null}},"56":{"start":{"line":345,"column":14},"end":{"line":345,"column":null}},"57":{"start":{"line":347,"column":8},"end":{"line":347,"column":null}},"58":{"start":{"line":349,"column":8},"end":{"line":349,"column":null}},"59":{"start":{"line":355,"column":4},"end":{"line":361,"column":null}},"60":{"start":{"line":357,"column":6},"end":{"line":357,"column":null}},"61":{"start":{"line":360,"column":6},"end":{"line":360,"column":null}},"62":{"start":{"line":364,"column":4},"end":{"line":372,"column":null}},"63":{"start":{"line":365,"column":6},"end":{"line":371,"column":null}},"64":{"start":{"line":366,"column":23},"end":{"line":366,"column":null}},"65":{"start":{"line":367,"column":32},"end":{"line":367,"column":null}},"66":{"start":{"line":368,"column":8},"end":{"line":368,"column":null}},"67":{"start":{"line":370,"column":8},"end":{"line":370,"column":null}},"68":{"start":{"line":375,"column":4},"end":{"line":375,"column":null}},"69":{"start":{"line":377,"column":21},"end":{"line":377,"column":null}},"70":{"start":{"line":384,"column":22},"end":{"line":384,"column":null}},"71":{"start":{"line":388,"column":23},"end":{"line":388,"column":null}},"72":{"start":{"line":389,"column":26},"end":{"line":389,"column":null}},"73":{"start":{"line":391,"column":36},"end":{"line":401,"column":null}},"74":{"start":{"line":405,"column":61},"end":{"line":405,"column":null}},"75":{"start":{"line":409,"column":27},"end":{"line":409,"column":null}},"76":{"start":{"line":410,"column":23},"end":{"line":410,"column":null}},"77":{"start":{"line":411,"column":24},"end":{"line":411,"column":null}},"78":{"start":{"line":413,"column":4},"end":{"line":417,"column":null}},"79":{"start":{"line":414,"column":20},"end":{"line":414,"column":null}},"80":{"start":{"line":415,"column":6},"end":{"line":415,"column":null}},"81":{"start":{"line":416,"column":6},"end":{"line":416,"column":null}},"82":{"start":{"line":421,"column":26},"end":{"line":423,"column":null}},"83":{"start":{"line":426,"column":4},"end":{"line":495,"column":null}},"84":{"start":{"line":427,"column":33},"end":{"line":427,"column":null}},"85":{"start":{"line":428,"column":20},"end":{"line":428,"column":null}},"86":{"start":{"line":429,"column":21},"end":{"line":429,"column":null}},"87":{"start":{"line":432,"column":6},"end":{"line":494,"column":null}},"88":{"start":{"line":433,"column":8},"end":{"line":433,"column":null}},"89":{"start":{"line":435,"column":70},"end":{"line":435,"column":null}},"90":{"start":{"line":438,"column":8},"end":{"line":483,"column":null}},"91":{"start":{"line":441,"column":36},"end":{"line":441,"column":null}},"92":{"start":{"line":441,"column":75},"end":{"line":441,"column":94}},"93":{"start":{"line":442,"column":36},"end":{"line":444,"column":null}},"94":{"start":{"line":443,"column":12},"end":{"line":443,"column":null}},"95":{"start":{"line":447,"column":35},"end":{"line":447,"column":null}},"96":{"start":{"line":450,"column":10},"end":{"line":459,"column":null}},"97":{"start":{"line":450,"column":23},"end":{"line":450,"column":26}},"98":{"start":{"line":451,"column":36},"end":{"line":451,"column":null}},"99":{"start":{"line":452,"column":12},"end":{"line":458,"column":null}},"100":{"start":{"line":453,"column":30},"end":{"line":453,"column":null}},"101":{"start":{"line":454,"column":14},"end":{"line":457,"column":null}},"102":{"start":{"line":462,"column":51},"end":{"line":468,"column":null}},"103":{"start":{"line":470,"column":34},"end":{"line":474,"column":null}},"104":{"start":{"line":476,"column":10},"end":{"line":482,"column":null}},"105":{"start":{"line":477,"column":28},"end":{"line":477,"column":null}},"106":{"start":{"line":478,"column":12},"end":{"line":481,"column":null}},"107":{"start":{"line":486,"column":8},"end":{"line":488,"column":null}},"108":{"start":{"line":487,"column":10},"end":{"line":487,"column":null}},"109":{"start":{"line":490,"column":34},"end":{"line":490,"column":null}},"110":{"start":{"line":491,"column":8},"end":{"line":493,"column":null}},"111":{"start":{"line":492,"column":10},"end":{"line":492,"column":null}},"112":{"start":{"line":497,"column":26},"end":{"line":499,"column":null}},"113":{"start":{"line":501,"column":4},"end":{"line":507,"column":null}},"114":{"start":{"line":529,"column":4},"end":{"line":625,"column":null}},"115":{"start":{"line":531,"column":23},"end":{"line":531,"column":null}},"116":{"start":{"line":532,"column":23},"end":{"line":532,"column":null}},"117":{"start":{"line":533,"column":41},"end":{"line":533,"column":null}},"118":{"start":{"line":535,"column":22},"end":{"line":540,"column":null}},"119":{"start":{"line":543,"column":6},"end":{"line":543,"column":null}},"120":{"start":{"line":544,"column":4},"end":{"line":625,"column":null}},"121":{"start":{"line":546,"column":6},"end":{"line":549,"column":null}},"122":{"start":{"line":547,"column":8},"end":{"line":547,"column":null}},"123":{"start":{"line":548,"column":8},"end":{"line":548,"column":null}},"124":{"start":{"line":551,"column":6},"end":{"line":624,"column":null}},"125":{"start":{"line":553,"column":27},"end":{"line":553,"column":null}},"126":{"start":{"line":554,"column":26},"end":{"line":554,"column":null}},"127":{"start":{"line":555,"column":26},"end":{"line":555,"column":null}},"128":{"start":{"line":555,"column":43},"end":{"line":555,"column":63}},"129":{"start":{"line":556,"column":24},"end":{"line":556,"column":null}},"130":{"start":{"line":558,"column":8},"end":{"line":620,"column":null}},"131":{"start":{"line":559,"column":27},"end":{"line":564,"column":null}},"132":{"start":{"line":566,"column":10},"end":{"line":566,"column":null}},"133":{"start":{"line":568,"column":10},"end":{"line":570,"column":null}},"134":{"start":{"line":569,"column":12},"end":{"line":569,"column":null}},"135":{"start":{"line":573,"column":32},"end":{"line":573,"column":null}},"136":{"start":{"line":574,"column":10},"end":{"line":576,"column":null}},"137":{"start":{"line":575,"column":12},"end":{"line":575,"column":null}},"138":{"start":{"line":578,"column":29},"end":{"line":578,"column":null}},"139":{"start":{"line":581,"column":10},"end":{"line":583,"column":null}},"140":{"start":{"line":582,"column":12},"end":{"line":582,"column":null}},"141":{"start":{"line":585,"column":27},"end":{"line":585,"column":null}},"142":{"start":{"line":588,"column":36},"end":{"line":590,"column":null}},"143":{"start":{"line":592,"column":24},"end":{"line":592,"column":null}},"144":{"start":{"line":593,"column":24},"end":{"line":593,"column":null}},"145":{"start":{"line":595,"column":10},"end":{"line":612,"column":null}},"146":{"start":{"line":596,"column":29},"end":{"line":596,"column":null}},"147":{"start":{"line":597,"column":31},"end":{"line":597,"column":null}},"148":{"start":{"line":599,"column":28},"end":{"line":607,"column":null}},"149":{"start":{"line":611,"column":12},"end":{"line":611,"column":null}},"150":{"start":{"line":614,"column":10},"end":{"line":614,"column":null}},"151":{"start":{"line":615,"column":10},"end":{"line":619,"column":null}},"152":{"start":{"line":616,"column":12},"end":{"line":616,"column":null}},"153":{"start":{"line":618,"column":12},"end":{"line":618,"column":null}},"154":{"start":{"line":622,"column":8},"end":{"line":622,"column":null}},"155":{"start":{"line":626,"column":4},"end":{"line":626,"column":null}},"156":{"start":{"line":638,"column":48},"end":{"line":653,"column":null}},"157":{"start":{"line":654,"column":4},"end":{"line":654,"column":null}},"158":{"start":{"line":674,"column":26},"end":{"line":674,"column":null}},"159":{"start":{"line":675,"column":19},"end":{"line":675,"column":null}},"160":{"start":{"line":677,"column":98},"end":{"line":687,"column":null}},"161":{"start":{"line":689,"column":4},"end":{"line":689,"column":null}},"162":{"start":{"line":716,"column":26},"end":{"line":716,"column":null}},"163":{"start":{"line":717,"column":19},"end":{"line":717,"column":null}},"164":{"start":{"line":720,"column":17},"end":{"line":720,"column":null}},"165":{"start":{"line":721,"column":17},"end":{"line":721,"column":null}},"166":{"start":{"line":723,"column":64},"end":{"line":733,"column":null}},"167":{"start":{"line":735,"column":16},"end":{"line":735,"column":null}},"168":{"start":{"line":738,"column":4},"end":{"line":741,"column":null}},"169":{"start":{"line":753,"column":4},"end":{"line":758,"column":null}},"170":{"start":{"line":773,"column":4},"end":{"line":775,"column":null}},"171":{"start":{"line":774,"column":6},"end":{"line":774,"column":null}},"172":{"start":{"line":777,"column":27},"end":{"line":777,"column":null}},"173":{"start":{"line":780,"column":4},"end":{"line":785,"column":null}},"174":{"start":{"line":781,"column":6},"end":{"line":781,"column":null}},"175":{"start":{"line":783,"column":6},"end":{"line":783,"column":null}},"176":{"start":{"line":784,"column":6},"end":{"line":784,"column":null}},"177":{"start":{"line":788,"column":4},"end":{"line":790,"column":null}},"178":{"start":{"line":789,"column":6},"end":{"line":789,"column":null}},"179":{"start":{"line":793,"column":4},"end":{"line":795,"column":null}},"180":{"start":{"line":794,"column":6},"end":{"line":794,"column":null}},"181":{"start":{"line":798,"column":4},"end":{"line":800,"column":null}},"182":{"start":{"line":803,"column":4},"end":{"line":811,"column":null}},"183":{"start":{"line":804,"column":6},"end":{"line":807,"column":null}},"184":{"start":{"line":806,"column":8},"end":{"line":806,"column":null}},"185":{"start":{"line":808,"column":6},"end":{"line":810,"column":null}},"186":{"start":{"line":809,"column":8},"end":{"line":809,"column":null}},"187":{"start":{"line":813,"column":4},"end":{"line":813,"column":null}},"188":{"start":{"line":828,"column":27},"end":{"line":833,"column":null}},"189":{"start":{"line":835,"column":4},"end":{"line":835,"column":null}},"190":{"start":{"line":849,"column":16},"end":{"line":849,"column":null}},"191":{"start":{"line":852,"column":4},"end":{"line":856,"column":null}},"192":{"start":{"line":853,"column":6},"end":{"line":853,"column":null}},"193":{"start":{"line":855,"column":6},"end":{"line":855,"column":null}},"194":{"start":{"line":858,"column":27},"end":{"line":862,"column":null}},"195":{"start":{"line":864,"column":4},"end":{"line":864,"column":null}}},"fnMap":{"0":{"name":"(anonymous_0)","decl":{"start":{"line":110,"column":2},"end":{"line":110,"column":14}},"loc":{"start":{"line":110,"column":30},"end":{"line":112,"column":null}},"line":110},"1":{"name":"(anonymous_1)","decl":{"start":{"line":127,"column":10},"end":{"line":127,"column":25}},"loc":{"start":{"line":127,"column":47},"end":{"line":176,"column":null}},"line":127},"2":{"name":"(anonymous_2)","decl":{"start":{"line":162,"column":44},"end":{"line":162,"column":55}},"loc":{"start":{"line":162,"column":55},"end":{"line":165,"column":9}},"line":162},"3":{"name":"(anonymous_3)","decl":{"start":{"line":217,"column":10},"end":{"line":217,"column":null}},"loc":{"start":{"line":220,"column":17},"end":{"line":302,"column":null}},"line":220},"4":{"name":"(anonymous_4)","decl":{"start":{"line":332,"column":8},"end":{"line":332,"column":null}},"loc":{"start":{"line":337,"column":30},"end":{"line":508,"column":null}},"line":337},"5":{"name":"(anonymous_5)","decl":{"start":{"line":441,"column":70},"end":{"line":441,"column":75}},"loc":{"start":{"line":441,"column":75},"end":{"line":441,"column":94}},"line":441},"6":{"name":"(anonymous_6)","decl":{"start":{"line":442,"column":58},"end":{"line":442,"column":null}},"loc":{"start":{"line":443,"column":12},"end":{"line":443,"column":null}},"line":443},"7":{"name":"(anonymous_7)","decl":{"start":{"line":524,"column":16},"end":{"line":524,"column":null}},"loc":{"start":{"line":528,"column":28},"end":{"line":627,"column":null}},"line":528},"8":{"name":"(anonymous_8)","decl":{"start":{"line":555,"column":37},"end":{"line":555,"column":43}},"loc":{"start":{"line":555,"column":43},"end":{"line":555,"column":63}},"line":555},"9":{"name":"(anonymous_9)","decl":{"start":{"line":637,"column":10},"end":{"line":637,"column":28}},"loc":{"start":{"line":637,"column":54},"end":{"line":655,"column":null}},"line":637},"10":{"name":"(anonymous_10)","decl":{"start":{"line":668,"column":10},"end":{"line":668,"column":null}},"loc":{"start":{"line":673,"column":64},"end":{"line":690,"column":null}},"line":673},"11":{"name":"(anonymous_11)","decl":{"start":{"line":708,"column":10},"end":{"line":708,"column":null}},"loc":{"start":{"line":715,"column":30},"end":{"line":742,"column":null}},"line":715},"12":{"name":"(anonymous_12)","decl":{"start":{"line":752,"column":10},"end":{"line":752,"column":20}},"loc":{"start":{"line":752,"column":42},"end":{"line":759,"column":null}},"line":752},"13":{"name":"(anonymous_13)","decl":{"start":{"line":772,"column":10},"end":{"line":772,"column":23}},"loc":{"start":{"line":772,"column":42},"end":{"line":814,"column":null}},"line":772},"14":{"name":"(anonymous_14)","decl":{"start":{"line":803,"column":33},"end":{"line":803,"column":34}},"loc":{"start":{"line":803,"column":42},"end":{"line":811,"column":5}},"line":803},"15":{"name":"(anonymous_15)","decl":{"start":{"line":827,"column":16},"end":{"line":827,"column":44}},"loc":{"start":{"line":827,"column":88},"end":{"line":836,"column":null}},"line":827},"16":{"name":"(anonymous_16)","decl":{"start":{"line":848,"column":16},"end":{"line":848,"column":33}},"loc":{"start":{"line":848,"column":82},"end":{"line":865,"column":null}},"line":848}},"branchMap":{"0":{"loc":{"start":{"line":133,"column":23},"end":{"line":133,"column":null}},"type":"binary-expr","locations":[{"start":{"line":133,"column":23},"end":{"line":133,"column":60}},{"start":{"line":133,"column":60},"end":{"line":133,"column":null}}],"line":133},"1":{"loc":{"start":{"line":136,"column":8},"end":{"line":136,"column":null}},"type":"cond-expr","locations":[{"start":{"line":136,"column":19},"end":{"line":136,"column":48}},{"start":{"line":136,"column":48},"end":{"line":136,"column":null}}],"line":136},"2":{"loc":{"start":{"line":140,"column":6},"end":{"line":142,"column":null}},"type":"if","locations":[{"start":{"line":140,"column":6},"end":{"line":142,"column":null}},{"start":{},"end":{}}],"line":140},"3":{"loc":{"start":{"line":146,"column":26},"end":{"line":146,"column":null}},"type":"binary-expr","locations":[{"start":{"line":146,"column":26},"end":{"line":146,"column":54}},{"start":{"line":146,"column":54},"end":{"line":146,"column":82}},{"start":{"line":146,"column":82},"end":{"line":146,"column":null}}],"line":146},"4":{"loc":{"start":{"line":148,"column":8},"end":{"line":153,"column":null}},"type":"binary-expr","locations":[{"start":{"line":148,"column":8},"end":{"line":148,"column":null}},{"start":{"line":149,"column":8},"end":{"line":149,"column":null}},{"start":{"line":150,"column":9},"end":{"line":150,"column":null}},{"start":{"line":151,"column":9},"end":{"line":151,"column":null}},{"start":{"line":152,"column":9},"end":{"line":152,"column":null}},{"start":{"line":153,"column":8},"end":{"line":153,"column":null}}],"line":148},"5":{"loc":{"start":{"line":155,"column":6},"end":{"line":158,"column":null}},"type":"if","locations":[{"start":{"line":155,"column":6},"end":{"line":158,"column":null}},{"start":{},"end":{}}],"line":155},"6":{"loc":{"start":{"line":155,"column":10},"end":{"line":155,"column":38}},"type":"binary-expr","locations":[{"start":{"line":155,"column":10},"end":{"line":155,"column":25}},{"start":{"line":155,"column":25},"end":{"line":155,"column":38}}],"line":155},"7":{"loc":{"start":{"line":161,"column":6},"end":{"line":170,"column":null}},"type":"if","locations":[{"start":{"line":161,"column":6},"end":{"line":170,"column":null}},{"start":{},"end":{}}],"line":161},"8":{"loc":{"start":{"line":164,"column":17},"end":{"line":164,"column":null}},"type":"binary-expr","locations":[{"start":{"line":164,"column":17},"end":{"line":164,"column":49}},{"start":{"line":164,"column":49},"end":{"line":164,"column":null}}],"line":164},"9":{"loc":{"start":{"line":166,"column":8},"end":{"line":169,"column":null}},"type":"if","locations":[{"start":{"line":166,"column":8},"end":{"line":169,"column":null}},{"start":{},"end":{}}],"line":166},"10":{"loc":{"start":{"line":222,"column":4},"end":{"line":224,"column":null}},"type":"if","locations":[{"start":{"line":222,"column":4},"end":{"line":224,"column":null}},{"start":{},"end":{}}],"line":222},"11":{"loc":{"start":{"line":222,"column":8},"end":{"line":222,"column":42}},"type":"binary-expr","locations":[{"start":{"line":222,"column":8},"end":{"line":222,"column":21}},{"start":{"line":222,"column":21},"end":{"line":222,"column":42}}],"line":222},"12":{"loc":{"start":{"line":228,"column":4},"end":{"line":231,"column":null}},"type":"if","locations":[{"start":{"line":228,"column":4},"end":{"line":231,"column":null}},{"start":{},"end":{}}],"line":228},"13":{"loc":{"start":{"line":240,"column":4},"end":{"line":272,"column":null}},"type":"if","locations":[{"start":{"line":240,"column":4},"end":{"line":272,"column":null}},{"start":{},"end":{}}],"line":240},"14":{"loc":{"start":{"line":240,"column":8},"end":{"line":242,"column":34}},"type":"binary-expr","locations":[{"start":{"line":240,"column":8},"end":{"line":240,"column":null}},{"start":{"line":241,"column":8},"end":{"line":241,"column":null}},{"start":{"line":242,"column":8},"end":{"line":242,"column":34}}],"line":240},"15":{"loc":{"start":{"line":251,"column":6},"end":{"line":253,"column":null}},"type":"if","locations":[{"start":{"line":251,"column":6},"end":{"line":253,"column":null}},{"start":{},"end":{}}],"line":251},"16":{"loc":{"start":{"line":254,"column":6},"end":{"line":256,"column":null}},"type":"if","locations":[{"start":{"line":254,"column":6},"end":{"line":256,"column":null}},{"start":{},"end":{}}],"line":254},"17":{"loc":{"start":{"line":257,"column":6},"end":{"line":259,"column":null}},"type":"if","locations":[{"start":{"line":257,"column":6},"end":{"line":259,"column":null}},{"start":{},"end":{}}],"line":257},"18":{"loc":{"start":{"line":263,"column":30},"end":{"line":263,"column":null}},"type":"binary-expr","locations":[{"start":{"line":263,"column":30},"end":{"line":263,"column":59}},{"start":{"line":263,"column":59},"end":{"line":263,"column":null}}],"line":263},"19":{"loc":{"start":{"line":264,"column":30},"end":{"line":264,"column":null}},"type":"binary-expr","locations":[{"start":{"line":264,"column":30},"end":{"line":264,"column":59}},{"start":{"line":264,"column":59},"end":{"line":264,"column":null}}],"line":264},"20":{"loc":{"start":{"line":265,"column":23},"end":{"line":265,"column":null}},"type":"binary-expr","locations":[{"start":{"line":265,"column":23},"end":{"line":265,"column":45}},{"start":{"line":265,"column":45},"end":{"line":265,"column":null}}],"line":265},"21":{"loc":{"start":{"line":282,"column":4},"end":{"line":286,"column":null}},"type":"if","locations":[{"start":{"line":282,"column":4},"end":{"line":286,"column":null}},{"start":{},"end":{}}],"line":282},"22":{"loc":{"start":{"line":282,"column":8},"end":{"line":282,"column":66}},"type":"binary-expr","locations":[{"start":{"line":282,"column":8},"end":{"line":282,"column":41}},{"start":{"line":282,"column":41},"end":{"line":282,"column":66}}],"line":282},"23":{"loc":{"start":{"line":290,"column":4},"end":{"line":292,"column":null}},"type":"if","locations":[{"start":{"line":290,"column":4},"end":{"line":292,"column":null}},{"start":{},"end":{}}],"line":290},"24":{"loc":{"start":{"line":290,"column":8},"end":{"line":290,"column":60}},"type":"binary-expr","locations":[{"start":{"line":290,"column":8},"end":{"line":290,"column":38}},{"start":{"line":290,"column":38},"end":{"line":290,"column":60}}],"line":290},"25":{"loc":{"start":{"line":297,"column":4},"end":{"line":299,"column":null}},"type":"if","locations":[{"start":{"line":297,"column":4},"end":{"line":299,"column":null}},{"start":{},"end":{}}],"line":297},"26":{"loc":{"start":{"line":343,"column":4},"end":{"line":351,"column":null}},"type":"if","locations":[{"start":{"line":343,"column":4},"end":{"line":351,"column":null}},{"start":{},"end":{}}],"line":343},"27":{"loc":{"start":{"line":355,"column":4},"end":{"line":361,"column":null}},"type":"if","locations":[{"start":{"line":355,"column":4},"end":{"line":361,"column":null}},{"start":{"line":358,"column":11},"end":{"line":361,"column":null}}],"line":355},"28":{"loc":{"start":{"line":355,"column":8},"end":{"line":355,"column":65}},"type":"binary-expr","locations":[{"start":{"line":355,"column":8},"end":{"line":355,"column":35}},{"start":{"line":355,"column":35},"end":{"line":355,"column":65}}],"line":355},"29":{"loc":{"start":{"line":364,"column":4},"end":{"line":372,"column":null}},"type":"if","locations":[{"start":{"line":364,"column":4},"end":{"line":372,"column":null}},{"start":{},"end":{}}],"line":364},"30":{"loc":{"start":{"line":384,"column":31},"end":{"line":384,"column":68}},"type":"binary-expr","locations":[{"start":{"line":384,"column":31},"end":{"line":384,"column":61}},{"start":{"line":384,"column":61},"end":{"line":384,"column":68}}],"line":384},"31":{"loc":{"start":{"line":409,"column":36},"end":{"line":409,"column":76}},"type":"binary-expr","locations":[{"start":{"line":409,"column":36},"end":{"line":409,"column":68}},{"start":{"line":409,"column":68},"end":{"line":409,"column":76}}],"line":409},"32":{"loc":{"start":{"line":410,"column":23},"end":{"line":410,"column":null}},"type":"binary-expr","locations":[{"start":{"line":410,"column":23},"end":{"line":410,"column":40}},{"start":{"line":410,"column":40},"end":{"line":410,"column":null}}],"line":410},"33":{"loc":{"start":{"line":411,"column":24},"end":{"line":411,"column":null}},"type":"binary-expr","locations":[{"start":{"line":411,"column":24},"end":{"line":411,"column":42}},{"start":{"line":411,"column":42},"end":{"line":411,"column":null}}],"line":411},"34":{"loc":{"start":{"line":413,"column":4},"end":{"line":417,"column":null}},"type":"if","locations":[{"start":{"line":413,"column":4},"end":{"line":417,"column":null}},{"start":{},"end":{}}],"line":413},"35":{"loc":{"start":{"line":413,"column":8},"end":{"line":413,"column":73}},"type":"binary-expr","locations":[{"start":{"line":413,"column":8},"end":{"line":413,"column":41}},{"start":{"line":413,"column":41},"end":{"line":413,"column":73}}],"line":413},"36":{"loc":{"start":{"line":426,"column":4},"end":{"line":495,"column":null}},"type":"if","locations":[{"start":{"line":426,"column":4},"end":{"line":495,"column":null}},{"start":{},"end":{}}],"line":426},"37":{"loc":{"start":{"line":432,"column":6},"end":{"line":494,"column":null}},"type":"if","locations":[{"start":{"line":432,"column":6},"end":{"line":494,"column":null}},{"start":{"line":434,"column":13},"end":{"line":494,"column":null}}],"line":432},"38":{"loc":{"start":{"line":432,"column":10},"end":{"line":432,"column":58}},"type":"binary-expr","locations":[{"start":{"line":432,"column":10},"end":{"line":432,"column":20}},{"start":{"line":432,"column":20},"end":{"line":432,"column":31}},{"start":{"line":432,"column":31},"end":{"line":432,"column":45}},{"start":{"line":432,"column":45},"end":{"line":432,"column":58}}],"line":432},"39":{"loc":{"start":{"line":438,"column":8},"end":{"line":483,"column":null}},"type":"if","locations":[{"start":{"line":438,"column":8},"end":{"line":483,"column":null}},{"start":{"line":460,"column":15},"end":{"line":483,"column":null}}],"line":438},"40":{"loc":{"start":{"line":438,"column":12},"end":{"line":438,"column":85}},"type":"binary-expr","locations":[{"start":{"line":438,"column":12},"end":{"line":438,"column":42}},{"start":{"line":438,"column":42},"end":{"line":438,"column":85}}],"line":438},"41":{"loc":{"start":{"line":452,"column":12},"end":{"line":458,"column":null}},"type":"if","locations":[{"start":{"line":452,"column":12},"end":{"line":458,"column":null}},{"start":{},"end":{}}],"line":452},"42":{"loc":{"start":{"line":463,"column":18},"end":{"line":463,"column":null}},"type":"binary-expr","locations":[{"start":{"line":463,"column":18},"end":{"line":463,"column":42}},{"start":{"line":463,"column":42},"end":{"line":463,"column":null}}],"line":463},"43":{"loc":{"start":{"line":466,"column":21},"end":{"line":466,"column":null}},"type":"binary-expr","locations":[{"start":{"line":466,"column":21},"end":{"line":466,"column":48}},{"start":{"line":466,"column":48},"end":{"line":466,"column":null}}],"line":466},"44":{"loc":{"start":{"line":467,"column":23},"end":{"line":467,"column":null}},"type":"binary-expr","locations":[{"start":{"line":467,"column":23},"end":{"line":467,"column":83}},{"start":{"line":467,"column":83},"end":{"line":467,"column":null}}],"line":467},"45":{"loc":{"start":{"line":476,"column":10},"end":{"line":482,"column":null}},"type":"if","locations":[{"start":{"line":476,"column":10},"end":{"line":482,"column":null}},{"start":{},"end":{}}],"line":476},"46":{"loc":{"start":{"line":486,"column":8},"end":{"line":488,"column":null}},"type":"if","locations":[{"start":{"line":486,"column":8},"end":{"line":488,"column":null}},{"start":{},"end":{}}],"line":486},"47":{"loc":{"start":{"line":491,"column":8},"end":{"line":493,"column":null}},"type":"if","locations":[{"start":{"line":491,"column":8},"end":{"line":493,"column":null}},{"start":{},"end":{}}],"line":491},"48":{"loc":{"start":{"line":529,"column":4},"end":{"line":625,"column":null}},"type":"if","locations":[{"start":{"line":529,"column":4},"end":{"line":625,"column":null}},{"start":{"line":544,"column":4},"end":{"line":625,"column":null}}],"line":529},"49":{"loc":{"start":{"line":529,"column":8},"end":{"line":529,"column":53}},"type":"binary-expr","locations":[{"start":{"line":529,"column":8},"end":{"line":529,"column":37}},{"start":{"line":529,"column":37},"end":{"line":529,"column":53}}],"line":529},"50":{"loc":{"start":{"line":532,"column":23},"end":{"line":532,"column":null}},"type":"binary-expr","locations":[{"start":{"line":532,"column":23},"end":{"line":532,"column":41}},{"start":{"line":532,"column":41},"end":{"line":532,"column":null}}],"line":532},"51":{"loc":{"start":{"line":544,"column":4},"end":{"line":625,"column":null}},"type":"if","locations":[{"start":{"line":544,"column":4},"end":{"line":625,"column":null}},{"start":{},"end":{}}],"line":544},"52":{"loc":{"start":{"line":544,"column":15},"end":{"line":544,"column":63}},"type":"binary-expr","locations":[{"start":{"line":544,"column":15},"end":{"line":544,"column":44}},{"start":{"line":544,"column":44},"end":{"line":544,"column":63}}],"line":544},"53":{"loc":{"start":{"line":546,"column":6},"end":{"line":549,"column":null}},"type":"if","locations":[{"start":{"line":546,"column":6},"end":{"line":549,"column":null}},{"start":{},"end":{}}],"line":546},"54":{"loc":{"start":{"line":568,"column":10},"end":{"line":570,"column":null}},"type":"if","locations":[{"start":{"line":568,"column":10},"end":{"line":570,"column":null}},{"start":{},"end":{}}],"line":568},"55":{"loc":{"start":{"line":574,"column":10},"end":{"line":576,"column":null}},"type":"if","locations":[{"start":{"line":574,"column":10},"end":{"line":576,"column":null}},{"start":{},"end":{}}],"line":574},"56":{"loc":{"start":{"line":574,"column":14},"end":{"line":574,"column":66}},"type":"binary-expr","locations":[{"start":{"line":574,"column":14},"end":{"line":574,"column":31}},{"start":{"line":574,"column":31},"end":{"line":574,"column":66}}],"line":574},"57":{"loc":{"start":{"line":581,"column":10},"end":{"line":583,"column":null}},"type":"if","locations":[{"start":{"line":581,"column":10},"end":{"line":583,"column":null}},{"start":{},"end":{}}],"line":581},"58":{"loc":{"start":{"line":585,"column":27},"end":{"line":585,"column":null}},"type":"binary-expr","locations":[{"start":{"line":585,"column":27},"end":{"line":585,"column":45}},{"start":{"line":585,"column":45},"end":{"line":585,"column":null}}],"line":585},"59":{"loc":{"start":{"line":595,"column":10},"end":{"line":612,"column":null}},"type":"if","locations":[{"start":{"line":595,"column":10},"end":{"line":612,"column":null}},{"start":{},"end":{}}],"line":595},"60":{"loc":{"start":{"line":595,"column":14},"end":{"line":595,"column":30}},"type":"binary-expr","locations":[{"start":{"line":595,"column":14},"end":{"line":595,"column":23}},{"start":{"line":595,"column":23},"end":{"line":595,"column":30}}],"line":595},"61":{"loc":{"start":{"line":615,"column":10},"end":{"line":619,"column":null}},"type":"if","locations":[{"start":{"line":615,"column":10},"end":{"line":619,"column":null}},{"start":{"line":617,"column":17},"end":{"line":619,"column":null}}],"line":615},"62":{"loc":{"start":{"line":622,"column":84},"end":{"line":622,"column":98}},"type":"binary-expr","locations":[{"start":{"line":622,"column":84},"end":{"line":622,"column":97}},{"start":{"line":622,"column":97},"end":{"line":622,"column":98}}],"line":622},"63":{"loc":{"start":{"line":654,"column":11},"end":{"line":654,"column":null}},"type":"binary-expr","locations":[{"start":{"line":654,"column":11},"end":{"line":654,"column":36}},{"start":{"line":654,"column":36},"end":{"line":654,"column":null}}],"line":654},"64":{"loc":{"start":{"line":674,"column":26},"end":{"line":674,"column":null}},"type":"cond-expr","locations":[{"start":{"line":674,"column":55},"end":{"line":674,"column":76}},{"start":{"line":674,"column":76},"end":{"line":674,"column":null}}],"line":674},"65":{"loc":{"start":{"line":689,"column":11},"end":{"line":689,"column":null}},"type":"binary-expr","locations":[{"start":{"line":689,"column":11},"end":{"line":689,"column":34}},{"start":{"line":689,"column":34},"end":{"line":689,"column":null}}],"line":689},"66":{"loc":{"start":{"line":716,"column":26},"end":{"line":716,"column":null}},"type":"cond-expr","locations":[{"start":{"line":716,"column":55},"end":{"line":716,"column":76}},{"start":{"line":716,"column":76},"end":{"line":716,"column":null}}],"line":716},"67":{"loc":{"start":{"line":735,"column":16},"end":{"line":735,"column":null}},"type":"binary-expr","locations":[{"start":{"line":735,"column":16},"end":{"line":735,"column":39}},{"start":{"line":735,"column":39},"end":{"line":735,"column":null}}],"line":735},"68":{"loc":{"start":{"line":773,"column":4},"end":{"line":775,"column":null}},"type":"if","locations":[{"start":{"line":773,"column":4},"end":{"line":775,"column":null}},{"start":{},"end":{}}],"line":773},"69":{"loc":{"start":{"line":773,"column":8},"end":{"line":773,"column":49}},"type":"binary-expr","locations":[{"start":{"line":773,"column":8},"end":{"line":773,"column":20}},{"start":{"line":773,"column":20},"end":{"line":773,"column":49}}],"line":773},"70":{"loc":{"start":{"line":780,"column":4},"end":{"line":785,"column":null}},"type":"if","locations":[{"start":{"line":780,"column":4},"end":{"line":785,"column":null}},{"start":{},"end":{}}],"line":780},"71":{"loc":{"start":{"line":788,"column":4},"end":{"line":790,"column":null}},"type":"if","locations":[{"start":{"line":788,"column":4},"end":{"line":790,"column":null}},{"start":{},"end":{}}],"line":788},"72":{"loc":{"start":{"line":793,"column":4},"end":{"line":795,"column":null}},"type":"if","locations":[{"start":{"line":793,"column":4},"end":{"line":795,"column":null}},{"start":{},"end":{}}],"line":793},"73":{"loc":{"start":{"line":798,"column":4},"end":{"line":800,"column":null}},"type":"if","locations":[{"start":{"line":798,"column":4},"end":{"line":800,"column":null}},{"start":{},"end":{}}],"line":798},"74":{"loc":{"start":{"line":804,"column":6},"end":{"line":807,"column":null}},"type":"if","locations":[{"start":{"line":804,"column":6},"end":{"line":807,"column":null}},{"start":{},"end":{}}],"line":804},"75":{"loc":{"start":{"line":804,"column":10},"end":{"line":804,"column":87}},"type":"binary-expr","locations":[{"start":{"line":804,"column":10},"end":{"line":804,"column":47}},{"start":{"line":804,"column":47},"end":{"line":804,"column":87}}],"line":804},"76":{"loc":{"start":{"line":808,"column":6},"end":{"line":810,"column":null}},"type":"if","locations":[{"start":{"line":808,"column":6},"end":{"line":810,"column":null}},{"start":{},"end":{}}],"line":808},"77":{"loc":{"start":{"line":852,"column":4},"end":{"line":856,"column":null}},"type":"if","locations":[{"start":{"line":852,"column":4},"end":{"line":856,"column":null}},{"start":{"line":854,"column":11},"end":{"line":856,"column":null}}],"line":852},"78":{"loc":{"start":{"line":852,"column":8},"end":{"line":852,"column":65}},"type":"binary-expr","locations":[{"start":{"line":852,"column":8},"end":{"line":852,"column":35}},{"start":{"line":852,"column":35},"end":{"line":852,"column":65}}],"line":852}},"s":{"0":46,"1":20,"2":20,"3":20,"4":20,"5":20,"6":20,"7":2,"8":17,"9":17,"10":20,"11":20,"12":8,"13":8,"14":9,"15":0,"16":0,"17":0,"18":0,"19":0,"20":0,"21":9,"22":1,"23":37,"24":37,"25":0,"26":0,"27":0,"28":0,"29":0,"30":0,"31":0,"32":0,"33":0,"34":0,"35":0,"36":0,"37":0,"38":0,"39":0,"40":0,"41":0,"42":0,"43":0,"44":0,"45":0,"46":0,"47":0,"48":0,"49":0,"50":0,"51":0,"52":37,"53":37,"54":37,"55":6,"56":6,"57":6,"58":1,"59":37,"60":1,"61":36,"62":37,"63":0,"64":0,"65":0,"66":0,"67":0,"68":37,"69":37,"70":37,"71":37,"72":37,"73":37,"74":37,"75":37,"76":37,"77":37,"78":37,"79":7,"80":7,"81":7,"82":37,"83":37,"84":30,"85":30,"86":30,"87":30,"88":0,"89":30,"90":30,"91":29,"92":31,"93":29,"94":30,"95":29,"96":29,"97":29,"98":30,"99":30,"100":17,"101":17,"102":1,"103":1,"104":1,"105":1,"106":1,"107":30,"108":17,"109":30,"110":30,"111":0,"112":37,"113":37,"114":31,"115":18,"116":18,"117":18,"118":18,"119":18,"120":13,"121":13,"122":5,"123":5,"124":8,"125":8,"126":8,"127":8,"128":0,"129":8,"130":8,"131":8,"132":6,"133":6,"134":1,"135":5,"136":5,"137":2,"138":3,"139":3,"140":1,"141":2,"142":13,"143":1,"144":1,"145":1,"146":0,"147":0,"148":0,"149":0,"150":7,"151":7,"152":0,"153":7,"154":7,"155":8,"156":27,"157":27,"158":18,"159":18,"160":18,"161":18,"162":0,"163":0,"164":0,"165":0,"166":0,"167":0,"168":0,"169":24,"170":7,"171":0,"172":7,"173":7,"174":7,"175":7,"176":7,"177":7,"178":1,"179":7,"180":0,"181":7,"182":7,"183":14,"184":6,"185":8,"186":0,"187":7,"188":37,"189":37,"190":0,"191":0,"192":0,"193":0,"194":0,"195":0},"f":{"0":46,"1":20,"2":0,"3":37,"4":37,"5":31,"6":30,"7":31,"8":0,"9":27,"10":18,"11":0,"12":24,"13":7,"14":14,"15":37,"16":0},"b":{"0":[20,19],"1":[0,19],"2":[2,18],"3":[17,15,15],"4":[20,15,14,2,2,12],"5":[8,12],"6":[20,15],"7":[0,9],"8":[0,0],"9":[0,0],"10":[37,0],"11":[37,0],"12":[0,0],"13":[0,0],"14":[0,0,0],"15":[0,0],"16":[0,0],"17":[0,0],"18":[0,0],"19":[0,0],"20":[0,0],"21":[0,0],"22":[0,0],"23":[0,0],"24":[0,0],"25":[0,0],"26":[6,31],"27":[1,36],"28":[37,36],"29":[0,37],"30":[37,37],"31":[37,37],"32":[37,1],"33":[37,1],"34":[7,30],"35":[37,30],"36":[30,7],"37":[0,30],"38":[30,30,30,30],"39":[29,1],"40":[30,29],"41":[17,13],"42":[1,0],"43":[1,0],"44":[1,0],"45":[1,0],"46":[17,13],"47":[0,30],"48":[18,13],"49":[31,18],"50":[18,17],"51":[13,0],"52":[13,13],"53":[5,8],"54":[1,5],"55":[2,3],"56":[5,5],"57":[1,2],"58":[2,2],"59":[0,1],"60":[1,0],"61":[0,7],"62":[7,0],"63":[27,1],"64":[1,17],"65":[18,1],"66":[0,0],"67":[0,0],"68":[0,7],"69":[7,7],"70":[7,0],"71":[1,6],"72":[0,7],"73":[6,1],"74":[6,8],"75":[14,8],"76":[0,8],"77":[0,0],"78":[0,0]},"meta":{"lastBranch":79,"lastFunction":17,"lastStatement":196,"seen":{"f:110:2:110:14":0,"s:111:4:111:Infinity":0,"f:127:10:127:25":1,"s:128:4:175:Infinity":1,"s:129:21:129:Infinity":2,"s:130:31:130:Infinity":3,"s:133:23:133:Infinity":4,"b:133:23:133:60:133:60:133:Infinity":0,"s:134:27:137:Infinity":5,"b:136:19:136:48:136:48:136:Infinity":1,"b:140:6:142:Infinity:undefined:undefined:undefined:undefined":2,"s:140:6:142:Infinity":6,"s:141:8:141:Infinity":7,"s:145:23:145:Infinity":8,"s:146:26:146:Infinity":9,"b:146:26:146:54:146:54:146:82:146:82:146:Infinity":3,"s:148:8:153:Infinity":10,"b:148:8:148:Infinity:149:8:149:Infinity:150:9:150:Infinity:151:9:151:Infinity:152:9:152:Infinity:153:8:153:Infinity":4,"b:155:6:158:Infinity:undefined:undefined:undefined:undefined":5,"s:155:6:158:Infinity":11,"b:155:10:155:25:155:25:155:38":6,"s:156:8:156:Infinity":12,"s:157:8:157:Infinity":13,"b:161:6:170:Infinity:undefined:undefined:undefined:undefined":7,"s:161:6:170:Infinity":14,"s:162:26:165:Infinity":15,"f:162:44:162:55":2,"s:163:34:163:Infinity":16,"s:164:10:164:Infinity":17,"b:164:17:164:49:164:49:164:Infinity":8,"b:166:8:169:Infinity:undefined:undefined:undefined:undefined":9,"s:166:8:169:Infinity":18,"s:167:10:167:Infinity":19,"s:168:10:168:Infinity":20,"s:172:6:172:Infinity":21,"s:174:6:174:Infinity":22,"f:217:10:217:Infinity":3,"b:222:4:224:Infinity:undefined:undefined:undefined:undefined":10,"s:222:4:224:Infinity":23,"b:222:8:222:21:222:21:222:42":11,"s:223:6:223:Infinity":24,"s:227:10:227:Infinity":25,"b:228:4:231:Infinity:undefined:undefined:undefined:undefined":12,"s:228:4:231:Infinity":26,"s:229:6:229:Infinity":27,"s:230:6:230:Infinity":28,"s:233:19:233:Infinity":29,"s:234:25:234:Infinity":30,"b:240:4:272:Infinity:undefined:undefined:undefined:undefined":13,"s:240:4:272:Infinity":31,"b:240:8:240:Infinity:241:8:241:Infinity:242:8:242:34":14,"s:248:10:248:Infinity":32,"b:251:6:253:Infinity:undefined:undefined:undefined:undefined":15,"s:251:6:253:Infinity":33,"s:252:8:252:Infinity":34,"b:254:6:256:Infinity:undefined:undefined:undefined:undefined":16,"s:254:6:256:Infinity":35,"s:255:8:255:Infinity":36,"b:257:6:259:Infinity:undefined:undefined:undefined:undefined":17,"s:257:6:259:Infinity":37,"s:258:8:258:Infinity":38,"s:263:30:263:Infinity":39,"b:263:30:263:59:263:59:263:Infinity":18,"s:264:30:264:Infinity":40,"b:264:30:264:59:264:59:264:Infinity":19,"s:265:23:265:Infinity":41,"b:265:23:265:45:265:45:265:Infinity":20,"s:267:6:271:Infinity":42,"b:282:4:286:Infinity:undefined:undefined:undefined:undefined":21,"s:282:4:286:Infinity":43,"b:282:8:282:41:282:41:282:66":22,"s:283:21:283:Infinity":44,"s:284:21:284:Infinity":45,"s:285:6:285:Infinity":46,"b:290:4:292:Infinity:undefined:undefined:undefined:undefined":23,"s:290:4:292:Infinity":47,"b:290:8:290:38:290:38:290:60":24,"s:291:6:291:Infinity":48,"b:297:4:299:Infinity:undefined:undefined:undefined:undefined":25,"s:297:4:299:Infinity":49,"s:298:6:298:Infinity":50,"s:301:4:301:Infinity":51,"f:332:8:332:Infinity":4,"s:339:29:339:Infinity":52,"s:342:24:342:Infinity":53,"b:343:4:351:Infinity:undefined:undefined:undefined:undefined":26,"s:343:4:351:Infinity":54,"s:344:6:350:Infinity":55,"s:345:14:345:Infinity":56,"s:347:8:347:Infinity":57,"s:349:8:349:Infinity":58,"b:355:4:361:Infinity:358:11:361:Infinity":27,"s:355:4:361:Infinity":59,"b:355:8:355:35:355:35:355:65":28,"s:357:6:357:Infinity":60,"s:360:6:360:Infinity":61,"b:364:4:372:Infinity:undefined:undefined:undefined:undefined":29,"s:364:4:372:Infinity":62,"s:365:6:371:Infinity":63,"s:366:23:366:Infinity":64,"s:367:32:367:Infinity":65,"s:368:8:368:Infinity":66,"s:370:8:370:Infinity":67,"s:375:4:375:Infinity":68,"s:377:21:377:Infinity":69,"s:384:22:384:Infinity":70,"b:384:31:384:61:384:61:384:68":30,"s:388:23:388:Infinity":71,"s:389:26:389:Infinity":72,"s:391:36:401:Infinity":73,"s:405:61:405:Infinity":74,"s:409:27:409:Infinity":75,"b:409:36:409:68:409:68:409:76":31,"s:410:23:410:Infinity":76,"b:410:23:410:40:410:40:410:Infinity":32,"s:411:24:411:Infinity":77,"b:411:24:411:42:411:42:411:Infinity":33,"b:413:4:417:Infinity:undefined:undefined:undefined:undefined":34,"s:413:4:417:Infinity":78,"b:413:8:413:41:413:41:413:73":35,"s:414:20:414:Infinity":79,"s:415:6:415:Infinity":80,"s:416:6:416:Infinity":81,"s:421:26:423:Infinity":82,"b:426:4:495:Infinity:undefined:undefined:undefined:undefined":36,"s:426:4:495:Infinity":83,"s:427:33:427:Infinity":84,"s:428:20:428:Infinity":85,"s:429:21:429:Infinity":86,"b:432:6:494:Infinity:434:13:494:Infinity":37,"s:432:6:494:Infinity":87,"b:432:10:432:20:432:20:432:31:432:31:432:45:432:45:432:58":38,"s:433:8:433:Infinity":88,"s:435:70:435:Infinity":89,"b:438:8:483:Infinity:460:15:483:Infinity":39,"s:438:8:483:Infinity":90,"b:438:12:438:42:438:42:438:85":40,"s:441:36:441:Infinity":91,"f:441:70:441:75":5,"s:441:75:441:94":92,"s:442:36:444:Infinity":93,"f:442:58:442:Infinity":6,"s:443:12:443:Infinity":94,"s:447:35:447:Infinity":95,"s:450:10:459:Infinity":96,"s:450:23:450:26":97,"s:451:36:451:Infinity":98,"b:452:12:458:Infinity:undefined:undefined:undefined:undefined":41,"s:452:12:458:Infinity":99,"s:453:30:453:Infinity":100,"s:454:14:457:Infinity":101,"s:462:51:468:Infinity":102,"b:463:18:463:42:463:42:463:Infinity":42,"b:466:21:466:48:466:48:466:Infinity":43,"b:467:23:467:83:467:83:467:Infinity":44,"s:470:34:474:Infinity":103,"b:476:10:482:Infinity:undefined:undefined:undefined:undefined":45,"s:476:10:482:Infinity":104,"s:477:28:477:Infinity":105,"s:478:12:481:Infinity":106,"b:486:8:488:Infinity:undefined:undefined:undefined:undefined":46,"s:486:8:488:Infinity":107,"s:487:10:487:Infinity":108,"s:490:34:490:Infinity":109,"b:491:8:493:Infinity:undefined:undefined:undefined:undefined":47,"s:491:8:493:Infinity":110,"s:492:10:492:Infinity":111,"s:497:26:499:Infinity":112,"s:501:4:507:Infinity":113,"f:524:16:524:Infinity":7,"b:529:4:625:Infinity:544:4:625:Infinity":48,"s:529:4:625:Infinity":114,"b:529:8:529:37:529:37:529:53":49,"s:531:23:531:Infinity":115,"s:532:23:532:Infinity":116,"b:532:23:532:41:532:41:532:Infinity":50,"s:533:41:533:Infinity":117,"s:535:22:540:Infinity":118,"s:543:6:543:Infinity":119,"b:544:4:625:Infinity:undefined:undefined:undefined:undefined":51,"s:544:4:625:Infinity":120,"b:544:15:544:44:544:44:544:63":52,"b:546:6:549:Infinity:undefined:undefined:undefined:undefined":53,"s:546:6:549:Infinity":121,"s:547:8:547:Infinity":122,"s:548:8:548:Infinity":123,"s:551:6:624:Infinity":124,"s:553:27:553:Infinity":125,"s:554:26:554:Infinity":126,"s:555:26:555:Infinity":127,"f:555:37:555:43":8,"s:555:43:555:63":128,"s:556:24:556:Infinity":129,"s:558:8:620:Infinity":130,"s:559:27:564:Infinity":131,"s:566:10:566:Infinity":132,"b:568:10:570:Infinity:undefined:undefined:undefined:undefined":54,"s:568:10:570:Infinity":133,"s:569:12:569:Infinity":134,"s:573:32:573:Infinity":135,"b:574:10:576:Infinity:undefined:undefined:undefined:undefined":55,"s:574:10:576:Infinity":136,"b:574:14:574:31:574:31:574:66":56,"s:575:12:575:Infinity":137,"s:578:29:578:Infinity":138,"b:581:10:583:Infinity:undefined:undefined:undefined:undefined":57,"s:581:10:583:Infinity":139,"s:582:12:582:Infinity":140,"s:585:27:585:Infinity":141,"b:585:27:585:45:585:45:585:Infinity":58,"s:588:36:590:Infinity":142,"s:592:24:592:Infinity":143,"s:593:24:593:Infinity":144,"b:595:10:612:Infinity:undefined:undefined:undefined:undefined":59,"s:595:10:612:Infinity":145,"b:595:14:595:23:595:23:595:30":60,"s:596:29:596:Infinity":146,"s:597:31:597:Infinity":147,"s:599:28:607:Infinity":148,"s:611:12:611:Infinity":149,"s:614:10:614:Infinity":150,"b:615:10:619:Infinity:617:17:619:Infinity":61,"s:615:10:619:Infinity":151,"s:616:12:616:Infinity":152,"s:618:12:618:Infinity":153,"s:622:8:622:Infinity":154,"b:622:84:622:97:622:97:622:98":62,"s:626:4:626:Infinity":155,"f:637:10:637:28":9,"s:638:48:653:Infinity":156,"s:654:4:654:Infinity":157,"b:654:11:654:36:654:36:654:Infinity":63,"f:668:10:668:Infinity":10,"s:674:26:674:Infinity":158,"b:674:55:674:76:674:76:674:Infinity":64,"s:675:19:675:Infinity":159,"s:677:98:687:Infinity":160,"s:689:4:689:Infinity":161,"b:689:11:689:34:689:34:689:Infinity":65,"f:708:10:708:Infinity":11,"s:716:26:716:Infinity":162,"b:716:55:716:76:716:76:716:Infinity":66,"s:717:19:717:Infinity":163,"s:720:17:720:Infinity":164,"s:721:17:721:Infinity":165,"s:723:64:733:Infinity":166,"s:735:16:735:Infinity":167,"b:735:16:735:39:735:39:735:Infinity":67,"s:738:4:741:Infinity":168,"f:752:10:752:20":12,"s:753:4:758:Infinity":169,"f:772:10:772:23":13,"b:773:4:775:Infinity:undefined:undefined:undefined:undefined":68,"s:773:4:775:Infinity":170,"b:773:8:773:20:773:20:773:49":69,"s:774:6:774:Infinity":171,"s:777:27:777:Infinity":172,"b:780:4:785:Infinity:undefined:undefined:undefined:undefined":70,"s:780:4:785:Infinity":173,"s:781:6:781:Infinity":174,"s:783:6:783:Infinity":175,"s:784:6:784:Infinity":176,"b:788:4:790:Infinity:undefined:undefined:undefined:undefined":71,"s:788:4:790:Infinity":177,"s:789:6:789:Infinity":178,"b:793:4:795:Infinity:undefined:undefined:undefined:undefined":72,"s:793:4:795:Infinity":179,"s:794:6:794:Infinity":180,"b:798:4:800:Infinity:undefined:undefined:undefined:undefined":73,"s:798:4:800:Infinity":181,"s:803:4:811:Infinity":182,"f:803:33:803:34":14,"b:804:6:807:Infinity:undefined:undefined:undefined:undefined":74,"s:804:6:807:Infinity":183,"b:804:10:804:47:804:47:804:87":75,"s:806:8:806:Infinity":184,"b:808:6:810:Infinity:undefined:undefined:undefined:undefined":76,"s:808:6:810:Infinity":185,"s:809:8:809:Infinity":186,"s:813:4:813:Infinity":187,"f:827:16:827:44":15,"s:828:27:833:Infinity":188,"s:835:4:835:Infinity":189,"f:848:16:848:33":16,"s:849:16:849:Infinity":190,"b:852:4:856:Infinity:854:11:856:Infinity":77,"s:852:4:856:Infinity":191,"b:852:8:852:35:852:35:852:65":78,"s:853:6:853:Infinity":192,"s:855:6:855:Infinity":193,"s:858:27:862:Infinity":194,"s:864:4:864:Infinity":195}}}
,"/Users/apple/Documents/Project/pis/services/worker/src/lib/ai-retouch.ts": {"path":"/Users/apple/Documents/Project/pis/services/worker/src/lib/ai-retouch.ts","statementMap":{"0":{"start":{"line":19,"column":32},"end":{"line":19,"column":null}},"1":{"start":{"line":21,"column":8},"end":{"line":21,"column":null}},"2":{"start":{"line":24,"column":4},"end":{"line":44,"column":null}},"3":{"start":{"line":26,"column":6},"end":{"line":29,"column":null}},"4":{"start":{"line":30,"column":4},"end":{"line":44,"column":null}},"5":{"start":{"line":34,"column":6},"end":{"line":37,"column":null}},"6":{"start":{"line":40,"column":6},"end":{"line":43,"column":null}},"7":{"start":{"line":47,"column":4},"end":{"line":47,"column":null}},"8":{"start":{"line":52,"column":32},"end":{"line":52,"column":null}}},"fnMap":{"0":{"name":"(anonymous_0)","decl":{"start":{"line":18,"column":8},"end":{"line":18,"column":16}},"loc":{"start":{"line":18,"column":86},"end":{"line":48,"column":null}},"line":18}},"branchMap":{"0":{"loc":{"start":{"line":18,"column":37},"end":{"line":18,"column":86}},"type":"default-arg","locations":[{"start":{"line":18,"column":65},"end":{"line":18,"column":86}}],"line":18},"1":{"loc":{"start":{"line":19,"column":12},"end":{"line":19,"column":28}},"type":"default-arg","locations":[{"start":{"line":19,"column":21},"end":{"line":19,"column":28}}],"line":19},"2":{"loc":{"start":{"line":24,"column":4},"end":{"line":44,"column":null}},"type":"if","locations":[{"start":{"line":24,"column":4},"end":{"line":44,"column":null}},{"start":{"line":30,"column":4},"end":{"line":44,"column":null}}],"line":24},"3":{"loc":{"start":{"line":30,"column":4},"end":{"line":44,"column":null}},"type":"if","locations":[{"start":{"line":30,"column":4},"end":{"line":44,"column":null}},{"start":{"line":38,"column":11},"end":{"line":44,"column":null}}],"line":30}},"s":{"0":11,"1":11,"2":11,"3":3,"4":7,"5":2,"6":5,"7":10,"8":3},"f":{"0":11},"b":{"0":[11],"1":[11],"2":[3,7],"3":[2,5]},"meta":{"lastBranch":4,"lastFunction":1,"lastStatement":9,"seen":{"f:18:8:18:16":0,"b:18:65:18:86":0,"s:19:32:19:Infinity":0,"b:19:21:19:28":1,"s:21:8:21:Infinity":1,"b:24:4:44:Infinity:30:4:44:Infinity":2,"s:24:4:44:Infinity":2,"s:26:6:29:Infinity":3,"b:30:4:44:Infinity:38:11:44:Infinity":3,"s:30:4:44:Infinity":4,"s:34:6:37:Infinity":5,"s:40:6:43:Infinity":6,"s:47:4:47:Infinity":7,"s:52:32:52:Infinity":8}}}
,"/Users/apple/Documents/Project/pis/services/worker/src/lib/album-cache.ts": {"path":"/Users/apple/Documents/Project/pis/services/worker/src/lib/album-cache.ts","statementMap":{"0":{"start":{"line":16,"column":44},"end":{"line":16,"column":null}},"1":{"start":{"line":18,"column":51},"end":{"line":18,"column":null}},"2":{"start":{"line":21,"column":4},"end":{"line":21,"column":null}},"3":{"start":{"line":24,"column":4},"end":{"line":26,"column":null}},"4":{"start":{"line":25,"column":6},"end":{"line":25,"column":null}},"5":{"start":{"line":33,"column":4},"end":{"line":36,"column":null}},"6":{"start":{"line":34,"column":6},"end":{"line":34,"column":null}},"7":{"start":{"line":35,"column":6},"end":{"line":35,"column":null}},"8":{"start":{"line":37,"column":4},"end":{"line":37,"column":null}},"9":{"start":{"line":41,"column":19},"end":{"line":41,"column":null}},"10":{"start":{"line":42,"column":4},"end":{"line":44,"column":null}},"11":{"start":{"line":43,"column":6},"end":{"line":43,"column":null}},"12":{"start":{"line":47,"column":4},"end":{"line":50,"column":null}},"13":{"start":{"line":48,"column":6},"end":{"line":48,"column":null}},"14":{"start":{"line":49,"column":6},"end":{"line":49,"column":null}},"15":{"start":{"line":52,"column":4},"end":{"line":52,"column":null}},"16":{"start":{"line":56,"column":4},"end":{"line":59,"column":null}},"17":{"start":{"line":63,"column":4},"end":{"line":63,"column":null}},"18":{"start":{"line":67,"column":4},"end":{"line":67,"column":null}},"19":{"start":{"line":71,"column":16},"end":{"line":71,"column":null}},"20":{"start":{"line":72,"column":4},"end":{"line":76,"column":null}},"21":{"start":{"line":73,"column":6},"end":{"line":75,"column":null}},"22":{"start":{"line":74,"column":8},"end":{"line":74,"column":null}},"23":{"start":{"line":80,"column":4},"end":{"line":80,"column":null}},"24":{"start":{"line":85,"column":44},"end":{"line":85,"column":null}},"25":{"start":{"line":88,"column":2},"end":{"line":91,"column":null}},"26":{"start":{"line":89,"column":16},"end":{"line":89,"column":null}},"27":{"start":{"line":90,"column":4},"end":{"line":90,"column":null}},"28":{"start":{"line":92,"column":2},"end":{"line":92,"column":null}},"29":{"start":{"line":96,"column":2},"end":{"line":98,"column":null}},"30":{"start":{"line":97,"column":4},"end":{"line":97,"column":null}},"31":{"start":{"line":105,"column":2},"end":{"line":108,"column":null}},"32":{"start":{"line":106,"column":4},"end":{"line":106,"column":null}},"33":{"start":{"line":107,"column":4},"end":{"line":107,"column":null}}},"fnMap":{"0":{"name":"(anonymous_0)","decl":{"start":{"line":20,"column":2},"end":{"line":20,"column":14}},"loc":{"start":{"line":20,"column":38},"end":{"line":27,"column":null}},"line":20},"1":{"name":"(anonymous_1)","decl":{"start":{"line":24,"column":39},"end":{"line":24,"column":45}},"loc":{"start":{"line":24,"column":45},"end":{"line":26,"column":7}},"line":24},"2":{"name":"(anonymous_2)","decl":{"start":{"line":32,"column":2},"end":{"line":32,"column":18}},"loc":{"start":{"line":32,"column":18},"end":{"line":38,"column":null}},"line":32},"3":{"name":"(anonymous_3)","decl":{"start":{"line":40,"column":2},"end":{"line":40,"column":6}},"loc":{"start":{"line":40,"column":43},"end":{"line":53,"column":null}},"line":40},"4":{"name":"(anonymous_4)","decl":{"start":{"line":55,"column":2},"end":{"line":55,"column":6}},"loc":{"start":{"line":55,"column":67},"end":{"line":60,"column":null}},"line":55},"5":{"name":"(anonymous_5)","decl":{"start":{"line":62,"column":2},"end":{"line":62,"column":9}},"loc":{"start":{"line":62,"column":32},"end":{"line":64,"column":null}},"line":62},"6":{"name":"(anonymous_6)","decl":{"start":{"line":66,"column":2},"end":{"line":66,"column":16}},"loc":{"start":{"line":66,"column":16},"end":{"line":68,"column":null}},"line":66},"7":{"name":"(anonymous_7)","decl":{"start":{"line":70,"column":10},"end":{"line":70,"column":26}},"loc":{"start":{"line":70,"column":26},"end":{"line":77,"column":null}},"line":70},"8":{"name":"(anonymous_8)","decl":{"start":{"line":79,"column":2},"end":{"line":79,"column":17}},"loc":{"start":{"line":79,"column":17},"end":{"line":81,"column":null}},"line":79},"9":{"name":"getAlbumCache","decl":{"start":{"line":87,"column":16},"end":{"line":87,"column":44}},"loc":{"start":{"line":87,"column":44},"end":{"line":93,"column":null}},"line":87},"10":{"name":"clearAlbumCache","decl":{"start":{"line":95,"column":16},"end":{"line":95,"column":40}},"loc":{"start":{"line":95,"column":40},"end":{"line":99,"column":null}},"line":95},"11":{"name":"destroyAlbumCache","decl":{"start":{"line":104,"column":16},"end":{"line":104,"column":42}},"loc":{"start":{"line":104,"column":42},"end":{"line":109,"column":null}},"line":104}},"branchMap":{"0":{"loc":{"start":{"line":20,"column":14},"end":{"line":20,"column":38}},"type":"default-arg","locations":[{"start":{"line":20,"column":30},"end":{"line":20,"column":38}}],"line":20},"1":{"loc":{"start":{"line":33,"column":4},"end":{"line":36,"column":null}},"type":"if","locations":[{"start":{"line":33,"column":4},"end":{"line":36,"column":null}},{"start":{},"end":{}}],"line":33},"2":{"loc":{"start":{"line":42,"column":4},"end":{"line":44,"column":null}},"type":"if","locations":[{"start":{"line":42,"column":4},"end":{"line":44,"column":null}},{"start":{},"end":{}}],"line":42},"3":{"loc":{"start":{"line":47,"column":4},"end":{"line":50,"column":null}},"type":"if","locations":[{"start":{"line":47,"column":4},"end":{"line":50,"column":null}},{"start":{},"end":{}}],"line":47},"4":{"loc":{"start":{"line":73,"column":6},"end":{"line":75,"column":null}},"type":"if","locations":[{"start":{"line":73,"column":6},"end":{"line":75,"column":null}},{"start":{},"end":{}}],"line":73},"5":{"loc":{"start":{"line":88,"column":2},"end":{"line":91,"column":null}},"type":"if","locations":[{"start":{"line":88,"column":2},"end":{"line":91,"column":null}},{"start":{},"end":{}}],"line":88},"6":{"loc":{"start":{"line":89,"column":25},"end":{"line":89,"column":67}},"type":"binary-expr","locations":[{"start":{"line":89,"column":25},"end":{"line":89,"column":59}},{"start":{"line":89,"column":59},"end":{"line":89,"column":67}}],"line":89},"7":{"loc":{"start":{"line":96,"column":2},"end":{"line":98,"column":null}},"type":"if","locations":[{"start":{"line":96,"column":2},"end":{"line":98,"column":null}},{"start":{},"end":{}}],"line":96},"8":{"loc":{"start":{"line":105,"column":2},"end":{"line":108,"column":null}},"type":"if","locations":[{"start":{"line":105,"column":2},"end":{"line":108,"column":null}},{"start":{},"end":{}}],"line":105}},"s":{"0":8,"1":8,"2":8,"3":8,"4":0,"5":8,"6":8,"7":8,"8":8,"9":1,"10":1,"11":0,"12":1,"13":0,"14":0,"15":1,"16":5,"17":0,"18":10,"19":0,"20":0,"21":0,"22":0,"23":5,"24":1,"25":9,"26":8,"27":8,"28":9,"29":2,"30":2,"31":17,"32":8,"33":8},"f":{"0":8,"1":0,"2":8,"3":1,"4":5,"5":0,"6":10,"7":0,"8":5,"9":9,"10":2,"11":17},"b":{"0":[8],"1":[8,0],"2":[0,1],"3":[0,1],"4":[0,0],"5":[8,1],"6":[8,8],"7":[2,0],"8":[8,9]},"meta":{"lastBranch":9,"lastFunction":12,"lastStatement":34,"seen":{"s:16:44:16:Infinity":0,"s:18:51:18:Infinity":1,"f:20:2:20:14":0,"b:20:30:20:38":0,"s:21:4:21:Infinity":2,"s:24:4:26:Infinity":3,"f:24:39:24:45":1,"s:25:6:25:Infinity":4,"f:32:2:32:18":2,"b:33:4:36:Infinity:undefined:undefined:undefined:undefined":1,"s:33:4:36:Infinity":5,"s:34:6:34:Infinity":6,"s:35:6:35:Infinity":7,"s:37:4:37:Infinity":8,"f:40:2:40:6":3,"s:41:19:41:Infinity":9,"b:42:4:44:Infinity:undefined:undefined:undefined:undefined":2,"s:42:4:44:Infinity":10,"s:43:6:43:Infinity":11,"b:47:4:50:Infinity:undefined:undefined:undefined:undefined":3,"s:47:4:50:Infinity":12,"s:48:6:48:Infinity":13,"s:49:6:49:Infinity":14,"s:52:4:52:Infinity":15,"f:55:2:55:6":4,"s:56:4:59:Infinity":16,"f:62:2:62:9":5,"s:63:4:63:Infinity":17,"f:66:2:66:16":6,"s:67:4:67:Infinity":18,"f:70:10:70:26":7,"s:71:16:71:Infinity":19,"s:72:4:76:Infinity":20,"b:73:6:75:Infinity:undefined:undefined:undefined:undefined":4,"s:73:6:75:Infinity":21,"s:74:8:74:Infinity":22,"f:79:2:79:17":8,"s:80:4:80:Infinity":23,"s:85:44:85:Infinity":24,"f:87:16:87:44":9,"b:88:2:91:Infinity:undefined:undefined:undefined:undefined":5,"s:88:2:91:Infinity":25,"s:89:16:89:Infinity":26,"b:89:25:89:59:89:59:89:67":6,"s:90:4:90:Infinity":27,"s:92:2:92:Infinity":28,"f:95:16:95:40":10,"b:96:2:98:Infinity:undefined:undefined:undefined:undefined":7,"s:96:2:98:Infinity":29,"s:97:4:97:Infinity":30,"f:104:16:104:42":11,"b:105:2:108:Infinity:undefined:undefined:undefined:undefined":8,"s:105:2:108:Infinity":31,"s:106:4:106:Infinity":32,"s:107:4:107:Infinity":33}}}
,"/Users/apple/Documents/Project/pis/services/worker/src/lib/cloudflare-purge.ts": {"path":"/Users/apple/Documents/Project/pis/services/worker/src/lib/cloudflare-purge.ts","statementMap":{"0":{"start":{"line":29,"column":37},"end":{"line":29,"column":null}},"1":{"start":{"line":32,"column":2},"end":{"line":40,"column":null}},"2":{"start":{"line":33,"column":4},"end":{"line":33,"column":null}},"3":{"start":{"line":34,"column":4},"end":{"line":39,"column":null}},"4":{"start":{"line":42,"column":2},"end":{"line":48,"column":null}},"5":{"start":{"line":43,"column":4},"end":{"line":47,"column":null}},"6":{"start":{"line":50,"column":2},"end":{"line":125,"column":null}},"7":{"start":{"line":52,"column":23},"end":{"line":52,"column":null}},"8":{"start":{"line":53,"column":32},"end":{"line":53,"column":null}},"9":{"start":{"line":55,"column":4},"end":{"line":57,"column":null}},"10":{"start":{"line":55,"column":17},"end":{"line":55,"column":20}},"11":{"start":{"line":56,"column":6},"end":{"line":56,"column":null}},"12":{"start":{"line":59,"column":33},"end":{"line":59,"column":null}},"13":{"start":{"line":60,"column":33},"end":{"line":60,"column":null}},"14":{"start":{"line":63,"column":4},"end":{"line":106,"column":null}},"15":{"start":{"line":64,"column":6},"end":{"line":100,"column":null}},"16":{"start":{"line":65,"column":25},"end":{"line":77,"column":null}},"17":{"start":{"line":79,"column":8},"end":{"line":96,"column":null}},"18":{"start":{"line":80,"column":28},"end":{"line":80,"column":null}},"19":{"start":{"line":80,"column":63},"end":{"line":80,"column":66}},"20":{"start":{"line":81,"column":10},"end":{"line":86,"column":null}},"21":{"start":{"line":87,"column":10},"end":{"line":87,"column":null}},"22":{"start":{"line":89,"column":26},"end":{"line":89,"column":null}},"23":{"start":{"line":90,"column":10},"end":{"line":95,"column":null}},"24":{"start":{"line":91,"column":12},"end":{"line":91,"column":null}},"25":{"start":{"line":93,"column":12},"end":{"line":93,"column":null}},"26":{"start":{"line":94,"column":12},"end":{"line":94,"column":null}},"27":{"start":{"line":98,"column":8},"end":{"line":98,"column":null}},"28":{"start":{"line":99,"column":8},"end":{"line":99,"column":null}},"29":{"start":{"line":103,"column":6},"end":{"line":105,"column":null}},"30":{"start":{"line":104,"column":8},"end":{"line":104,"column":null}},"31":{"start":{"line":104,"column":37},"end":{"line":104,"column":61}},"32":{"start":{"line":108,"column":4},"end":{"line":115,"column":null}},"33":{"start":{"line":117,"column":25},"end":{"line":117,"column":null}},"34":{"start":{"line":118,"column":4},"end":{"line":118,"column":null}},"35":{"start":{"line":119,"column":4},"end":{"line":124,"column":null}},"36":{"start":{"line":136,"column":18},"end":{"line":136,"column":null}},"37":{"start":{"line":137,"column":14},"end":{"line":137,"column":null}},"38":{"start":{"line":138,"column":2},"end":{"line":138,"column":null}},"39":{"start":{"line":160,"column":25},"end":{"line":160,"column":null}},"40":{"start":{"line":163,"column":2},"end":{"line":165,"column":null}},"41":{"start":{"line":164,"column":4},"end":{"line":164,"column":null}},"42":{"start":{"line":166,"column":2},"end":{"line":168,"column":null}},"43":{"start":{"line":167,"column":4},"end":{"line":167,"column":null}},"44":{"start":{"line":169,"column":2},"end":{"line":171,"column":null}},"45":{"start":{"line":170,"column":4},"end":{"line":170,"column":null}},"46":{"start":{"line":173,"column":2},"end":{"line":179,"column":null}},"47":{"start":{"line":174,"column":4},"end":{"line":178,"column":null}},"48":{"start":{"line":182,"column":22},"end":{"line":182,"column":null}},"49":{"start":{"line":183,"column":24},"end":{"line":183,"column":null}},"50":{"start":{"line":185,"column":2},"end":{"line":189,"column":null}}},"fnMap":{"0":{"name":"purgeCloudflareCache","decl":{"start":{"line":26,"column":22},"end":{"line":26,"column":null}},"loc":{"start":{"line":28,"column":29},"end":{"line":126,"column":null}},"line":28},"1":{"name":"(anonymous_1)","decl":{"start":{"line":80,"column":56},"end":{"line":80,"column":63}},"loc":{"start":{"line":80,"column":63},"end":{"line":80,"column":66}},"line":80},"2":{"name":"(anonymous_2)","decl":{"start":{"line":104,"column":26},"end":{"line":104,"column":37}},"loc":{"start":{"line":104,"column":37},"end":{"line":104,"column":61}},"line":104},"3":{"name":"buildImageUrl","decl":{"start":{"line":135,"column":16},"end":{"line":135,"column":30}},"loc":{"start":{"line":135,"column":74},"end":{"line":139,"column":null}},"line":135},"4":{"name":"purgePhotoCache","decl":{"start":{"line":150,"column":22},"end":{"line":150,"column":null}},"loc":{"start":{"line":159,"column":29},"end":{"line":190,"column":null}},"line":159}},"branchMap":{"0":{"loc":{"start":{"line":32,"column":2},"end":{"line":40,"column":null}},"type":"if","locations":[{"start":{"line":32,"column":2},"end":{"line":40,"column":null}},{"start":{},"end":{}}],"line":32},"1":{"loc":{"start":{"line":32,"column":6},"end":{"line":32,"column":28}},"type":"binary-expr","locations":[{"start":{"line":32,"column":6},"end":{"line":32,"column":17}},{"start":{"line":32,"column":17},"end":{"line":32,"column":28}}],"line":32},"2":{"loc":{"start":{"line":42,"column":2},"end":{"line":48,"column":null}},"type":"if","locations":[{"start":{"line":42,"column":2},"end":{"line":48,"column":null}},{"start":{},"end":{}}],"line":42},"3":{"loc":{"start":{"line":79,"column":8},"end":{"line":96,"column":null}},"type":"if","locations":[{"start":{"line":79,"column":8},"end":{"line":96,"column":null}},{"start":{"line":88,"column":15},"end":{"line":96,"column":null}}],"line":79},"4":{"loc":{"start":{"line":90,"column":10},"end":{"line":95,"column":null}},"type":"if","locations":[{"start":{"line":90,"column":10},"end":{"line":95,"column":null}},{"start":{"line":92,"column":17},"end":{"line":95,"column":null}}],"line":90},"5":{"loc":{"start":{"line":103,"column":6},"end":{"line":105,"column":null}},"type":"if","locations":[{"start":{"line":103,"column":6},"end":{"line":105,"column":null}},{"start":{},"end":{}}],"line":103},"6":{"loc":{"start":{"line":112,"column":10},"end":{"line":114,"column":null}},"type":"binary-expr","locations":[{"start":{"line":112,"column":10},"end":{"line":112,"column":35}},{"start":{"line":112,"column":35},"end":{"line":114,"column":null}}],"line":112},"7":{"loc":{"start":{"line":117,"column":25},"end":{"line":117,"column":null}},"type":"cond-expr","locations":[{"start":{"line":117,"column":50},"end":{"line":117,"column":66}},{"start":{"line":117,"column":66},"end":{"line":117,"column":null}}],"line":117},"8":{"loc":{"start":{"line":163,"column":2},"end":{"line":165,"column":null}},"type":"if","locations":[{"start":{"line":163,"column":2},"end":{"line":165,"column":null}},{"start":{},"end":{}}],"line":163},"9":{"loc":{"start":{"line":166,"column":2},"end":{"line":168,"column":null}},"type":"if","locations":[{"start":{"line":166,"column":2},"end":{"line":168,"column":null}},{"start":{},"end":{}}],"line":166},"10":{"loc":{"start":{"line":169,"column":2},"end":{"line":171,"column":null}},"type":"if","locations":[{"start":{"line":169,"column":2},"end":{"line":171,"column":null}},{"start":{},"end":{}}],"line":169},"11":{"loc":{"start":{"line":173,"column":2},"end":{"line":179,"column":null}},"type":"if","locations":[{"start":{"line":173,"column":2},"end":{"line":179,"column":null}},{"start":{},"end":{}}],"line":173},"12":{"loc":{"start":{"line":182,"column":22},"end":{"line":182,"column":null}},"type":"binary-expr","locations":[{"start":{"line":182,"column":22},"end":{"line":182,"column":32}},{"start":{"line":182,"column":32},"end":{"line":182,"column":null}}],"line":182},"13":{"loc":{"start":{"line":183,"column":24},"end":{"line":183,"column":null}},"type":"binary-expr","locations":[{"start":{"line":183,"column":24},"end":{"line":183,"column":36}},{"start":{"line":183,"column":36},"end":{"line":183,"column":null}}],"line":183}},"s":{"0":7,"1":7,"2":1,"3":1,"4":6,"5":1,"6":5,"7":5,"8":5,"9":5,"10":5,"11":6,"12":5,"13":5,"14":5,"15":6,"16":6,"17":5,"18":1,"19":0,"20":1,"21":1,"22":4,"23":4,"24":4,"25":0,"26":0,"27":1,"28":1,"29":6,"30":1,"31":1,"32":5,"33":0,"34":0,"35":0,"36":4,"37":4,"38":4,"39":2,"40":2,"41":1,"42":2,"43":1,"44":2,"45":1,"46":2,"47":1,"48":1,"49":2,"50":2},"f":{"0":7,"1":0,"2":1,"3":4,"4":2},"b":{"0":[1,6],"1":[7,6],"2":[1,5],"3":[1,4],"4":[4,0],"5":[1,5],"6":[5,2],"7":[0,0],"8":[1,1],"9":[1,1],"10":[1,1],"11":[1,1],"12":[1,1],"13":[2,1]},"meta":{"lastBranch":14,"lastFunction":5,"lastStatement":51,"seen":{"f:26:22:26:Infinity":0,"s:29:37:29:Infinity":0,"b:32:2:40:Infinity:undefined:undefined:undefined:undefined":0,"s:32:2:40:Infinity":1,"b:32:6:32:17:32:17:32:28":1,"s:33:4:33:Infinity":2,"s:34:4:39:Infinity":3,"b:42:2:48:Infinity:undefined:undefined:undefined:undefined":2,"s:42:2:48:Infinity":4,"s:43:4:47:Infinity":5,"s:50:2:125:Infinity":6,"s:52:23:52:Infinity":7,"s:53:32:53:Infinity":8,"s:55:4:57:Infinity":9,"s:55:17:55:20":10,"s:56:6:56:Infinity":11,"s:59:33:59:Infinity":12,"s:60:33:60:Infinity":13,"s:63:4:106:Infinity":14,"s:64:6:100:Infinity":15,"s:65:25:77:Infinity":16,"b:79:8:96:Infinity:88:15:96:Infinity":3,"s:79:8:96:Infinity":17,"s:80:28:80:Infinity":18,"f:80:56:80:63":1,"s:80:63:80:66":19,"s:81:10:86:Infinity":20,"s:87:10:87:Infinity":21,"s:89:26:89:Infinity":2
[...]
ine":341,"column":null}},"112":{"start":{"line":342,"column":25},"end":{"line":346,"column":null}},"113":{"start":{"line":348,"column":6},"end":{"line":355,"column":null}},"114":{"start":{"line":350,"column":8},"end":{"line":352,"column":null}},"115":{"start":{"line":351,"column":10},"end":{"line":351,"column":null}},"116":{"start":{"line":357,"column":6},"end":{"line":357,"column":null}},"117":{"start":{"line":359,"column":6},"end":{"line":359,"column":null}},"118":{"start":{"line":360,"column":6},"end":{"line":360,"column":null}}},"fnMap":{"0":{"name":"(anonymous_0)","decl":{"start":{"line":24,"column":2},"end":{"line":24,"column":14}},"loc":{"start":{"line":24,"column":37},"end":{"line":63,"column":null}},"line":24},"1":{"name":"(anonymous_1)","decl":{"start":{"line":68,"column":8},"end":{"line":68,"column":38}},"loc":{"start":{"line":68,"column":38},"end":{"line":79,"column":null}},"line":68},"2":{"name":"(anonymous_2)","decl":{"start":{"line":81,"column":8},"end":{"line":81,"column":17}},"loc":{"start":{"line":81,"column":47},"end":{"line":90,"column":null}},"line":81},"3":{"name":"(anonymous_3)","decl":{"start":{"line":85,"column":23},"end":{"line":85,"column":24}},"loc":{"start":{"line":85,"column":44},"end":{"line":89,"column":5}},"line":85},"4":{"name":"(anonymous_4)","decl":{"start":{"line":86,"column":24},"end":{"line":86,"column":25}},"loc":{"start":{"line":86,"column":35},"end":{"line":86,"column":53}},"line":86},"5":{"name":"(anonymous_5)","decl":{"start":{"line":87,"column":23},"end":{"line":87,"column":29}},"loc":{"start":{"line":87,"column":29},"end":{"line":87,"column":59}},"line":87},"6":{"name":"(anonymous_6)","decl":{"start":{"line":88,"column":25},"end":{"line":88,"column":26}},"loc":{"start":{"line":88,"column":34},"end":{"line":88,"column":45}},"line":88},"7":{"name":"(anonymous_7)","decl":{"start":{"line":92,"column":8},"end":{"line":92,"column":null}},"loc":{"start":{"line":96,"column":27},"end":{"line":108,"column":null}},"line":96},"8":{"name":"(anonymous_8)","decl":{"start":{"line":110,"column":8},"end":{"line":110,"column":null}},"loc":{"start":{"line":113,"column":21},"end":{"line":123,"column":null}},"line":113},"9":{"name":"(anonymous_9)","decl":{"start":{"line":125,"column":8},"end":{"line":125,"column":null}},"loc":{"start":{"line":128,"column":21},"end":{"line":138,"column":null}},"line":128},"10":{"name":"(anonymous_10)","decl":{"start":{"line":140,"column":8},"end":{"line":140,"column":28}},"loc":{"start":{"line":140,"column":58},"end":{"line":159,"column":null}},"line":140},"11":{"name":"(anonymous_11)","decl":{"start":{"line":161,"column":8},"end":{"line":161,"column":null}},"loc":{"start":{"line":166,"column":31},"end":{"line":192,"column":null}},"line":166},"12":{"name":"(anonymous_12)","decl":{"start":{"line":194,"column":8},"end":{"line":194,"column":null}},"loc":{"start":{"line":199,"column":21},"end":{"line":217,"column":null}},"line":199},"13":{"name":"(anonymous_13)","decl":{"start":{"line":219,"column":8},"end":{"line":219,"column":null}},"loc":{"start":{"line":223,"column":19},"end":{"line":254,"column":null}},"line":223},"14":{"name":"(anonymous_14)","decl":{"start":{"line":226,"column":35},"end":{"line":226,"column":44}},"loc":{"start":{"line":226,"column":44},"end":{"line":230,"column":8}},"line":226},"15":{"name":"(anonymous_15)","decl":{"start":{"line":244,"column":24},"end":{"line":244,"column":35}},"loc":{"start":{"line":244,"column":35},"end":{"line":244,"column":60}},"line":244},"16":{"name":"(anonymous_16)","decl":{"start":{"line":256,"column":8},"end":{"line":256,"column":29}},"loc":{"start":{"line":256,"column":75},"end":{"line":270,"column":null}},"line":256},"17":{"name":"(anonymous_17)","decl":{"start":{"line":272,"column":8},"end":{"line":272,"column":15}},"loc":{"start":{"line":272,"column":43},"end":{"line":274,"column":null}},"line":272},"18":{"name":"(anonymous_18)","decl":{"start":{"line":276,"column":8},"end":{"line":276,"column":15}},"loc":{"start":{"line":276,"column":46},"end":{"line":283,"column":null}},"line":276},"19":{"name":"(anonymous_19)","decl":{"start":{"line":285,"column":8},"end":{"line":285,"column":20}},"loc":{"start":{"line":285,"column":62},"end":{"line":303,"column":null}},"line":285},"20":{"name":"(anonymous_20)","decl":{"start":{"line":289,"column":23},"end":{"line":289,"column":24}},"loc":{"start":{"line":289,"column":44},"end":{"line":302,"column":5}},"line":289},"21":{"name":"(anonymous_21)","decl":{"start":{"line":290,"column":24},"end":{"line":290,"column":25}},"loc":{"start":{"line":290,"column":33},"end":{"line":299,"column":7}},"line":290},"22":{"name":"(anonymous_22)","decl":{"start":{"line":300,"column":23},"end":{"line":300,"column":29}},"loc":{"start":{"line":300,"column":29},"end":{"line":300,"column":45}},"line":300},"23":{"name":"(anonymous_23)","decl":{"start":{"line":301,"column":25},"end":{"line":301,"column":26}},"loc":{"start":{"line":301,"column":34},"end":{"line":301,"column":45}},"line":301},"24":{"name":"(anonymous_24)","decl":{"start":{"line":305,"column":8},"end":{"line":305,"column":13}},"loc":{"start":{"line":305,"column":61},"end":{"line":319,"column":null}},"line":305},"25":{"name":"(anonymous_25)","decl":{"start":{"line":321,"column":10},"end":{"line":321,"column":22}},"loc":{"start":{"line":321,"column":43},"end":{"line":362,"column":null}},"line":321}},"branchMap":{"0":{"loc":{"start":{"line":27,"column":20},"end":{"line":27,"column":null}},"type":"binary-expr","locations":[{"start":{"line":27,"column":20},"end":{"line":27,"column":39}},{"start":{"line":27,"column":39},"end":{"line":27,"column":null}}],"line":27},"1":{"loc":{"start":{"line":28,"column":16},"end":{"line":28,"column":null}},"type":"binary-expr","locations":[{"start":{"line":28,"column":16},"end":{"line":28,"column":31}},{"start":{"line":28,"column":31},"end":{"line":28,"column":null}}],"line":28},"2":{"loc":{"start":{"line":29,"column":18},"end":{"line":29,"column":null}},"type":"binary-expr","locations":[{"start":{"line":29,"column":18},"end":{"line":29,"column":35}},{"start":{"line":29,"column":35},"end":{"line":29,"column":null}}],"line":29},"3":{"loc":{"start":{"line":50,"column":23},"end":{"line":52,"column":null}},"type":"cond-expr","locations":[{"start":{"line":51,"column":8},"end":{"line":51,"column":null}},{"start":{"line":52,"column":8},"end":{"line":52,"column":null}}],"line":50},"4":{"loc":{"start":{"line":56,"column":14},"end":{"line":56,"column":null}},"type":"binary-expr","locations":[{"start":{"line":56,"column":14},"end":{"line":56,"column":29}},{"start":{"line":56,"column":29},"end":{"line":56,"column":null}}],"line":56},"5":{"loc":{"start":{"line":71,"column":6},"end":{"line":73,"column":null}},"type":"if","locations":[{"start":{"line":71,"column":6},"end":{"line":73,"column":null}},{"start":{},"end":{}}],"line":71},"6":{"loc":{"start":{"line":72,"column":50},"end":{"line":72,"column":76}},"type":"binary-expr","locations":[{"start":{"line":72,"column":50},"end":{"line":72,"column":65}},{"start":{"line":72,"column":65},"end":{"line":72,"column":76}}],"line":72},"7":{"loc":{"start":{"line":75,"column":27},"end":{"line":75,"column":null}},"type":"cond-expr","locations":[{"start":{"line":75,"column":50},"end":{"line":75,"column":64}},{"start":{"line":75,"column":64},"end":{"line":75,"column":null}}],"line":75},"8":{"loc":{"start":{"line":95,"column":4},"end":{"line":95,"column":null}},"type":"default-arg","locations":[{"start":{"line":95,"column":39},"end":{"line":95,"column":null}}],"line":95},"9":{"loc":{"start":{"line":112,"column":4},"end":{"line":112,"column":null}},"type":"default-arg","locations":[{"start":{"line":112,"column":20},"end":{"line":112,"column":null}}],"line":112},"10":{"loc":{"start":{"line":127,"column":4},"end":{"line":127,"column":null}},"type":"default-arg","locations":[{"start":{"line":127,"column":20},"end":{"line":127,"column":null}}],"line":127},"11":{"loc":{"start":{"line":149,"column":6},"end":{"line":151,"column":null}},"type":"if","locations":[{"start":{"line":149,"column":6},"end":{"line":151,"column":null}},{"start":{},"end":{}}],"line":149},"12":{"loc":{"start":{"line":155,"column":27},"end":{"line":155,"column":null}},"type":"cond-expr","locations":[{"start":{"line":155,"column":50},"end":{"line":155,"column":64}},{"start":{"line":155,"column":64},"end":{"line":155,"column":null}}],"line":155},"13":{"loc":{"start":{"line":178,"column":6},"end":{"line":180,"column":null}},"type":"if","locations":[{"start":{"line":178,"column":6},"end":{"line":180,"column":null}},{"start":{},"end":{}}],"line":178},"14":{"loc":{"start":{"line":188,"column":27},"end":{"line":188,"column":null}},"type":"cond-expr","locations":[{"start":{"line":188,"column":50},"end":{"line":188,"column":64}},{"start":{"line":188,"column":64},"end":{"line":188,"column":null}}],"line":188},"15":{"loc":{"start":{"line":198,"column":4},"end":{"line":198,"column":null}},"type":"default-arg","locations":[{"start":{"line":198,"column":20},"end":{"line":198,"column":null}}],"line":198},"16":{"loc":{"start":{"line":213,"column":27},"end":{"line":213,"column":null}},"type":"cond-expr","locations":[{"start":{"line":213,"column":50},"end":{"line":213,"column":64}},{"start":{"line":213,"column":64},"end":{"line":213,"column":null}}],"line":213},"17":{"loc":{"start":{"line":229,"column":14},"end":{"line":229,"column":null}},"type":"cond-expr","locations":[{"start":{"line":229,"column":42},"end":{"line":229,"column":54}},{"start":{"line":229,"column":54},"end":{"line":229,"column":null}}],"line":229},"18":{"loc":{"start":{"line":246,"column":6},"end":{"line":248,"column":null}},"type":"if","locations":[{"start":{"line":246,"column":6},"end":{"line":248,"column":null}},{"start":{},"end":{}}],"line":246},"19":{"loc":{"start":{"line":250,"column":27},"end":{"line":250,"column":null}},"type":"cond-expr","locations":[{"start":{"line":250,"column":50},"end":{"line":250,"column":64}},{"start":{"line":250,"column":64},"end":{"line":250,"column":null}}],"line":250},"20":{"loc":{"start":{"line":266,"column":27},"end":{"line":266,"column":null}},"type":"cond-expr","locations":[{"start":{"line":266,"column":50},"end":{"line":266,"column":64}},{"start":{"line":266,"column":64},"end":{"line":266,"column":null}}],"line":266},"21":{"loc":{"start":{"line":291,"column":8},"end":{"line":298,"column":null}},"type":"if","locations":[{"start":{"line":291,"column":8},"end":{"line":298,"column":null}},{"start":{},"end":{}}],"line":291},"22":{"loc":{"start":{"line":294,"column":18},"end":{"line":294,"column":null}},"type":"binary-expr","locations":[{"start":{"line":294,"column":18},"end":{"line":294,"column":30}},{"start":{"line":294,"column":30},"end":{"line":294,"column":null}}],"line":294},"23":{"loc":{"start":{"line":295,"column":26},"end":{"line":295,"column":null}},"type":"binary-expr","locations":[{"start":{"line":295,"column":26},"end":{"line":295,"column":46}},{"start":{"line":295,"column":46},"end":{"line":295,"column":null}}],"line":295},"24":{"loc":{"start":{"line":296,"column":18},"end":{"line":296,"column":null}},"type":"binary-expr","locations":[{"start":{"line":296,"column":18},"end":{"line":296,"column":30}},{"start":{"line":296,"column":30},"end":{"line":296,"column":null}}],"line":296},"25":{"loc":{"start":{"line":315,"column":27},"end":{"line":315,"column":null}},"type":"cond-expr","locations":[{"start":{"line":315,"column":50},"end":{"line":315,"column":64}},{"start":{"line":315,"column":64},"end":{"line":315,"column":null}}],"line":315},"26":{"loc":{"start":{"line":322,"column":4},"end":{"line":322,"column":null}},"type":"if","locations":[{"start":{"line":322,"column":4},"end":{"line":322,"column":null}},{"start":{},"end":{}}],"line":322},"27":{"loc":{"start":{"line":327,"column":6},"end":{"line":329,"column":null}},"type":"if","locations":[{"start":{"line":327,"column":6},"end":{"line":329,"column":null}},{"start":{},"end":{}}],"line":327},"28":{"loc":{"start":{"line":337,"column":20},"end":{"line":337,"column":null}},"type":"binary-expr","locations":[{"start":{"line":337,"column":20},"end":{"line":337,"column":41}},{"start":{"line":337,"column":41},"end":{"line":337,"column":null}}],"line":337},"29":{"loc":{"start":{"line":342,"column":25},"end":{"line":346,"column":null}},"type":"cond-expr","locations":[{"start":{"line":343,"column":10},"end":{"line":343,"column":null}},{"start":{"line":344,"column":10},"end":{"line":346,"column":null}}],"line":342},"30":{"loc":{"start":{"line":344,"column":10},"end":{"line":346,"column":null}},"type":"cond-expr","locations":[{"start":{"line":345,"column":12},"end":{"line":345,"column":null}},{"start":{"line":346,"column":12},"end":{"line":346,"column":null}}],"line":344},"31":{"loc":{"start":{"line":348,"column":6},"end":{"line":355,"column":null}},"type":"if","locations":[{"start":{"line":348,"column":6},"end":{"line":355,"column":null}},{"start":{},"end":{}}],"line":348},"32":{"loc":{"start":{"line":350,"column":8},"end":{"line":352,"column":null}},"type":"if","locations":[{"start":{"line":350,"column":8},"end":{"line":352,"column":null}},{"start":{},"end":{}}],"line":350}},"s":{"0":30,"1":30,"2":30,"3":30,"4":30,"5":30,"6":30,"7":30,"8":30,"9":30,"10":30,"11":30,"12":0,"13":0,"14":0,"15":0,"16":0,"17":0,"18":0,"19":2,"20":2,"21":2,"22":2,"23":1,"24":2,"25":1,"26":2,"27":1,"28":1,"29":1,"30":1,"31":1,"32":2,"33":2,"34":3,"35":3,"36":3,"37":2,"38":1,"39":1,"40":2,"41":2,"42":2,"43":3,"44":3,"45":3,"46":2,"47":1,"48":1,"49":1,"50":2,"51":2,"52":2,"53":0,"54":0,"55":0,"56":0,"57":0,"58":0,"59":0,"60":3,"61":3,"62":4,"63":3,"64":3,"65":2,"66":2,"67":2,"68":2,"69":0,"70":1,"71":1,"72":1,"73":2,"74":2,"75":2,"76":1,"77":1,"78":1,"79":1,"80":4,"81":4,"82":3,"83":1,"84":2,"85":2,"86":2,"87":2,"88":2,"89":2,"90":2,"91":1,"92":2,"93":1,"94":2,"95":2,"96":2,"97":1,"98":1,"99":1,"100":3,"101":2,"102":1,"103":1,"104":1,"105":0,"106":1,"107":1,"108":1,"109":1,"110":1,"111":3,"112":3,"113":3,"114":0,"115":0,"116":1,"117":0,"118":0},"f":{"0":30,"1":0,"2":2,"3":2,"4":1,"5":1,"6":1,"7":1,"8":1,"9":2,"10":3,"11":3,"12":0,"13":3,"14":4,"15":2,"16":2,"17":1,"18":4,"19":2,"20":2,"21":2,"22":1,"23":1,"24":2,"25":3},"b":{"0":[30,0],"1":[30,0],"2":[30,0],"3":[1,29],"4":[30,29],"5":[0,0],"6":[0,0],"7":[0,0],"8":[1],"9":[1],"10":[2],"11":[1,1],"12":[2,0],"13":[1,1],"14":[2,0],"15":[0],"16":[0,0],"17":[1,3],"18":[0,2],"19":[1,0],"20":[1,0],"21":[2,0],"22":[2,0],"23":[2,0],"24":[2,0],"25":[1,0],"26":[2,1],"27":[0,1],"28":[1,0],"29":[1,0],"30":[0,0],"31":[0,3],"32":[0,0]},"meta":{"lastBranch":33,"lastFunction":26,"lastStatement":119,"seen":{"f:24:2:24:14":0,"s:25:4:25:Infinity":0,"s:26:4:26:Infinity":1,"s:27:4:27:Infinity":2,"b:27:20:27:39:27:39:27:Infinity":0,"s:28:4:28:Infinity":3,"b:28:16:28:31:28:31:28:Infinity":1,"s:29:4:29:Infinity":4,"b:29:18:29:35:29:35:29:Infinity":2,"s:30:4:30:Infinity":5,"s:31:4:31:Infinity":6,"s:32:4:32:Infinity":7,"s:35:4:42:Infinity":8,"s:47:4:47:Infinity":9,"s:50:23:52:Infinity":10,"b:51:8:51:Infinity:52:8:52:Infinity":3,"s:54:4:62:Infinity":11,"b:56:14:56:29:56:29:56:Infinity":4,"f:68:8:68:38":1,"s:69:4:78:Infinity":12,"s:70:21:70:Infinity":13,"b:71:6:73:Infinity:undefined:undefined:undefined:undefined":5,"s:71:6:73:Infinity":14,"s:72:8:72:Infinity":15,"b:72:50:72:65:72:65:72:76":6,"s:75:27:75:Infinity":16,"b:75:50:75:64:75:64:75:Infinity":7,"s:76:6:76:Infinity":17,"s:77:6:77:Infinity":18,"f:81:8:81:17":2,"s:82:19:82:Infinity":19,"s:83:29:83:Infinity":20,"s:85:4:89:Infinity":21,"f:85:23:85:24":3,"s:86:6:86:Infinity":22,"f:86:24:86:25":4,"s:86:35:86:53":23,"s:87:6:87:Infinity":24,"f:87:23:87:29":5,"s:87:29:87:59":25,"s:88:6:88:Infinity":26,"f:88:25:88:26":6,"s:88:34:88:45":27,"f:92:8:92:Infinity":7,"b:95:39:95:Infinity":8,"s:97:19:103:Infinity":28,"s:104:4:107:Infinity":29,"f:110:8:110:Infinity":8,"b:112:20:112:Infinity":9,"s:115:16:119:Infinity":30,"s:122:4:122:Infinity":31,"f:125:8:125:Infinity":9,"b:127:20:127:Infinity":10,"s:130:16:134:Infinity":32,"s:137:4:137:Infinity":33,"f:140:8:140:28":10,"s:141:4:158:Infinity":34,"s:142:22:145:Infinity":35,"s:147:23:147:Infinity":36,"b:149:6:151:Infinity:undefined:undefined:undefined:undefined":11,"s:149:6:151:Infinity":37,"s:150:8:150:Infinity":38,"s:153:6:153:Infinity":39,"s:155:27:155:Infinity":40,"b:155:50:155:64:155:64:155:Infinity":12,"s:156:6:156:Infinity":41,"s:157:6:157:Infinity":42,"f:161:8:161:Infinity":11,"s:167:4:191:Infinity":43,"s:168:22:174:Infinity":44,"s:176:23:176:Infinity":45,"b:178:6:180:Infinity:undefined:undefined:undefined:undefined":13,"s:178:6:180:Infinity":46,"s:179:8:179:Infinity":47,"s:184:19:184:Infinity":48,"s:186:6:186:Infinity":49,"s:188:27:188:Infinity":50,"b:188:50:188:64:188:64:188:Infinity":14,"s:189:6:189:Infinity":51,"s:190:6:190:Infinity":52,"f:194:8:194:Infinity":12,"b:198:20:198:Infinity":15,"s:200:4:216:Infinity":53,"s:201:22:206:Infinity":54,"s:208:18:208:Infinity":55,"s:211:6:211:Infinity":56,"s:213:27:213:Infinity":57,"b:213:50:213:64:213:64:213:Infinity":16,"s:214:6:214:Infinity":58,"s:215:6:215:Infinity":59,"f:219:8:219:Infinity":13,"s:224:4:253:Infinity":60,"s:226:25:230:Infinity":61,"f:226:35:226:44":14,"s:226:44:230:8":62,"b:229:42:229:54:229:54:229:Infinity":17,"s:232:22:239:Infinity":63,"s:241:21:241:Infinity":64,"s:244:6:244:Infinity":65,"f:244:24:244:35":15,"s:244:35:244:60":66,"s:245:25:245:Infinity":67,"b:246:6:248:Infinity:undefined:undefined:undefined:undefined":18,"s:246:6:248:Infinity":68,"s:247:8:247:Infinity":69,"s:250:27:250:Infinity":70,"b:250:50:250:64:250:64:250:Infinity":19,"s:251:6:251:Infinity":71,"s:252:6:252:Infinity":72,"f:256:8:256:29":16,"s:257:4:269:Infinity":73,"s:258:22:262:Infinity":74,"s:264:6:264:Infinity":75,"s:266:27:266:Infinity":76,"b:266:50:266:64:266:64:266:Infinity":20,"s:267:6:267:Infinity":77,"s:268:6:268:Infinity":78,"f:272:8:272:15":17,"s:273:4:273:Infinity":79,"f:276:8:276:15":18,"s:277:4:282:Infinity":80,"s:278:6:278:Infinity":81,"s:279:6:279:Infinity":82,"s:281:6:281:Infinity":83,"f:285:8:285:20":19,"s:286:37:286:Infinity":84,"s:287:19:287:Infinity":85,"s:289:4:302:Infinity":86,"f:289:23:289:24":20,"s:290:6:299:Infinity":87,"f:290:24:290:25":21,"b:291:8:298:Infinity:undefined:undefined:undefined:undefined":21,"s:291:8:298:Infinity":88,"s:292:10:297:Infinity":89,"b:294:18:294:30:294:30:294:Infinity":22,"b:295:26:295:46:295:46:295:Infinity":23,"b:296:18:296:30:296:30:296:Infinity":24,"s:300:6:300:Infinity":90,"f:300:23:300:29":22,"s:300:29:300:45":91,"s:301:6:301:Infinity":92,"f:301:25:301:26":23,"s:301:34:301:45":93,"f:305:8:305:13":24,"s:306:4:318:Infinity":94,"s:308:21:308:Infinity":95,"s:309:6:313:Infinity":96,"s:315:27:315:Infinity":97,"b:315:50:315:64:315:64:315:Infinity":25,"s:316:6:316:Infinity":98,"s:317:6:317:Infinity":99,"f:321:10:321:22":25,"b:322:4:322:Infinity:undefined:undefined:undefined:undefined":26,"s:322:4:322:Infinity":100,"s:322:25:322:Infinity":101,"s:324:4:361:Infinity":102,"s:326:25:326:Infinity":103,"b:327:6:329:Infinity:undefined:undefined:undefined:undefined":27,"s:327:6:329:Infinity":104,"s:328:8:328:Infinity":105,"s:331:27:331:Infinity":106,"s:332:21:332:Infinity":107,"s:335:6:335:Infinity":108,"s:336:6:336:Infinity":109,"s:337:6:337:Infinity":110,"b:337:20:337:41:337:41:337:Infinity":28,"s:341:25:341:Infinity":111,"s:342:25:346:Infinity":112,"b:343:10:343:Infinity:344:10:346:Infinity":29,"b:345:12:345:Infinity:346:12:346:Infinity":30,"b:348:6:355:Infinity:undefined:undefined:undefined:undefined":31,"s:348:6:355:Infinity":113,"b:350:8:352:Infinity:undefined:undefined:undefined:undefined":32,"s:350:8:352:Infinity":114,"s:351:10:351:Infinity":115,"s:357:6:357:Infinity":116,"s:359:6:359:Infinity":117,"s:360:6:360:Infinity":118}}}
,"/Users/apple/Documents/Project/pis/services/worker/src/lib/storage/types.ts": {"path":"/Users/apple/Documents/Project/pis/services/worker/src/lib/storage/types.ts","statementMap":{},"fnMap":{},"branchMap":{},"s":{},"f":{},"b":{},"meta":{"lastBranch":0,"lastFunction":0,"lastStatement":0,"seen":{}}}
}
